#
# There is insufficient memory for the Java Runtime Environment to continue.
# Native memory allocation (mmap) failed to map 78118912 bytes for committing reserved memory.
# Possible reasons:
#   The system is out of physical RAM or swap space
#   In 32 bit mode, the process size limit was hit
# Possible solutions:
#   Reduce memory load on the system
#   Increase physical memory or swap space
#   Check if swap backing store is full
#   Use 64 bit Java on a 64 bit OS
#   Decrease Java heap size (-Xmx/-Xms)
#   Decrease number of Java threads
#   Decrease Java thread stack sizes (-Xss)
#   Set larger code cache with -XX:ReservedCodeCacheSize=
# This output file may be truncated or incomplete.
#
#  Out of Memory Error (os_linux.cpp:2640), pid=12930, tid=0x00007fa5102b9700
#
# JRE version: Java(TM) SE Runtime Environment (8.0_181-b13) (build 1.8.0_181-b13)
# Java VM: Java HotSpot(TM) 64-Bit Server VM (25.181-b13 mixed mode linux-amd64 compressed oops)
# Failed to write core dump. Core dumps have been disabled. To enable core dumping, try "ulimit -c unlimited" before starting Java again
#

---------------  T H R E A D  ---------------

Current thread (0x00007fa524079800):  VMThread [stack: 0x00007fa5101ba000,0x00007fa5102ba000] [id=12939]

Stack: [0x00007fa5101ba000,0x00007fa5102ba000],  sp=0x00007fa5102b7fc0,  free space=1015k
Native frames: (J=compiled Java code, j=interpreted, Vv=VM code, C=native code)
V  [libjvm.so+0xad21aa]  VMError::report_and_die()+0x2ba
V  [libjvm.so+0x5022db]  report_vm_out_of_memory(char const*, int, unsigned long, VMErrorType, char const*)+0x8b
V  [libjvm.so+0x92fe33]  os::Linux::commit_memory_impl(char*, unsigned long, bool)+0x123
V  [libjvm.so+0x930059]  os::pd_commit_memory(char*, unsigned long, unsigned long, bool)+0x29
V  [libjvm.so+0x9272ba]  os::commit_memory(char*, unsigned long, unsigned long, bool)+0x2a
V  [libjvm.so+0x99d2e3]  PSVirtualSpace::expand_by(unsigned long)+0x53
V  [libjvm.so+0x99e6e8]  PSYoungGen::resize_generation(unsigned long, unsigned long)+0xf8
V  [libjvm.so+0x99d842]  PSYoungGen::resize(unsigned long, unsigned long)+0x22
V  [libjvm.so+0x99ab1b]  PSScavenge::invoke_no_policy()+0xf3b
V  [libjvm.so+0x99b2a1]  PSScavenge::invoke()+0x41
V  [libjvm.so+0x951d70]  ParallelScavengeHeap::failed_mem_allocate(unsigned long)+0x70
V  [libjvm.so+0xad3c27]  VM_ParallelGCFailedAllocation::doit()+0x97
V  [libjvm.so+0xadb745]  VM_Operation::evaluate()+0x55
V  [libjvm.so+0xad9b0a]  VMThread::evaluate_operation(VM_Operation*)+0xba
V  [libjvm.so+0xad9e8e]  VMThread::loop()+0x1ce
V  [libjvm.so+0xada300]  VMThread::run()+0x70
V  [libjvm.so+0x930198]  java_start(Thread*)+0x108

VM_Operation (0x00007fa48fcf7a30): ParallelGCFailedAllocation, mode: safepoint, requested by thread 0x00007fa4b80d7800


---------------  P R O C E S S  ---------------

Java Threads: ( => current thread )
  0x00007fa4b80d7800 JavaThread "Task worker for ':' Thread 3" [_thread_blocked, id=15316, stack(0x00007fa48fbfc000,0x00007fa48fcfd000)]
  0x00007fa4b80d6800 JavaThread "Task worker for ':' Thread 2" [_thread_blocked, id=15315, stack(0x00007fa48fcfd000,0x00007fa48fdfe000)]
  0x00007fa4b80d5800 JavaThread "Task worker for ':'" [_thread_blocked, id=15314, stack(0x00007fa48fafb000,0x00007fa48fbfc000)]
  0x00007fa4b80d4000 JavaThread "Cache worker for Build Output Cleanup Cache (/home/kevin/Github/HealthTrackerServer/.gradle/buildOutputCleanup)" [_thread_blocked, id=15313, stack(0x00007fa4d40f8000,0x00007fa4d41f9000)]
  0x00007fa4b80d2800 JavaThread "Cache worker for task history cache (/home/kevin/Github/HealthTrackerServer/.gradle/4.5.1/taskHistory)" [_thread_blocked, id=15312, stack(0x00007fa48feff000,0x00007fa490000000)]
  0x00007fa4b80d1800 JavaThread "Cache worker for file content cache (/home/kevin/Github/HealthTrackerServer/.gradle/4.5.1/fileContent)" [_thread_blocked, id=15311, stack(0x00007fa4d48fc000,0x00007fa4d49fd000)]
  0x00007fa4b802c800 JavaThread "Build operations Thread 4" [_thread_blocked, id=15310, stack(0x00007fa4d49fd000,0x00007fa4d4afe000)]
  0x00007fa4b802b800 JavaThread "Build operations Thread 3" [_thread_blocked, id=15309, stack(0x00007fa4d47fb000,0x00007fa4d48fc000)]
  0x00007fa4b802b000 JavaThread "Build operations Thread 2" [_thread_blocked, id=15308, stack(0x00007fa4d46fa000,0x00007fa4d47fb000)]
  0x00007fa4b802a000 JavaThread "Build operations" [_thread_blocked, id=15307, stack(0x00007fa4d4cfe000,0x00007fa4d4dff000)]
  0x00007fa4b8018000 JavaThread "Cache worker for Artifact transforms cache (/home/kevin/.gradle/caches/transforms-1)" [_thread_blocked, id=15306, stack(0x00007fa4f897d000,0x00007fa4f8a7e000)]
  0x00007fa4b8006800 JavaThread "Cache worker for file hash cache (/home/kevin/Github/HealthTrackerServer/.gradle/4.5.1/fileHashes)" [_thread_blocked, id=15303, stack(0x00007fa4f8e80000,0x00007fa4f8f81000)]
  0x00007fa4b8003000 JavaThread "Stdin handler" [_thread_blocked, id=15302, stack(0x00007fa48fdfe000,0x00007fa48feff000)]
  0x00007fa4b8002000 JavaThread "Asynchronous log dispatcher for DefaultDaemonConnection: socket connection from /0:0:0:0:0:0:0:1:46753 to /0:0:0:0:0:0:0:1:52966" [_thread_blocked, id=15301, stack(0x00007fa4f9181000,0x00007fa4f9282000)]
  0x00007fa4c0003800 JavaThread "Daemon worker Thread 2" [_thread_blocked, id=15300, stack(0x00007fa4f9383000,0x00007fa4f9484000)]
  0x00007fa4c0008800 JavaThread "Cancel handler" [_thread_blocked, id=15299, stack(0x00007fa4f9484000,0x00007fa4f9585000)]
  0x00007fa4c000a000 JavaThread "Handler for socket connection from /0:0:0:0:0:0:0:1:46753 to /0:0:0:0:0:0:0:1:52966" [_thread_in_native, id=15298, stack(0x00007fa4f9282000,0x00007fa4f9383000)]
  0x00007fa4c8016000 JavaThread "Daemon Thread 2" [_thread_blocked, id=15297, stack(0x00007fa4f9585000,0x00007fa4f9686000)]
  0x00007fa4bcdb8800 JavaThread "Memory manager" [_thread_blocked, id=12969, stack(0x00007fa4d45f9000,0x00007fa4d46fa000)]
  0x00007fa4bc205800 JavaThread "File lock request listener" [_thread_in_native, id=12962, stack(0x00007fa4f8c7e000,0x00007fa4f8d7f000)]
  0x00007fa4bc112800 JavaThread "Cache worker for file hash cache (/home/kevin/.gradle/caches/4.5.1/fileHashes)" [_thread_blocked, id=12961, stack(0x00007fa4f8d7f000,0x00007fa4f8e80000)]
  0x00007fa524edd800 JavaThread "Daemon periodic checks" [_thread_blocked, id=12952, stack(0x00007fa4f9686000,0x00007fa4f9787000)]
  0x00007fa524ebc800 JavaThread "Incoming local TCP Connector on port 46753" [_thread_in_native, id=12951, stack(0x00007fa4f978e000,0x00007fa4f988f000)]
  0x00007fa524e62000 JavaThread "Daemon health stats" [_thread_blocked, id=12950, stack(0x00007fa4f9a94000,0x00007fa4f9b95000)]
  0x00007fa5240ca000 JavaThread "Service Thread" daemon [_thread_blocked, id=12946, stack(0x00007fa4fb02b000,0x00007fa4fb12c000)]
  0x00007fa5240bf000 JavaThread "C1 CompilerThread2" daemon [_thread_blocked, id=12945, stack(0x00007fa4fb12d000,0x00007fa4fb22d000)]
  0x00007fa5240bd000 JavaThread "C2 CompilerThread1" daemon [_thread_blocked, id=12944, stack(0x00007fa4fb22e000,0x00007fa4fb32e000)]
  0x00007fa5240ba800 JavaThread "C2 CompilerThread0" daemon [_thread_blocked, id=12943, stack(0x00007fa4fb32f000,0x00007fa4fb42f000)]
  0x00007fa5240b9000 JavaThread "Signal Dispatcher" daemon [_thread_blocked, id=12942, stack(0x00007fa4fb42f000,0x00007fa4fb530000)]
  0x00007fa524085800 JavaThread "Finalizer" daemon [_thread_blocked, id=12941, stack(0x00007fa4fbeff000,0x00007fa4fc000000)]
  0x00007fa524083000 JavaThread "Reference Handler" daemon [_thread_blocked, id=12940, stack(0x00007fa5100b8000,0x00007fa5101b9000)]
  0x00007fa52400b000 JavaThread "main" [_thread_blocked, id=12931, stack(0x00007fa52a957000,0x00007fa52aa57000)]

Other Threads:
=>0x00007fa524079800 VMThread [stack: 0x00007fa5101ba000,0x00007fa5102ba000] [id=12939]
  0x00007fa5240cf000 WatcherThread [stack: 0x00007fa4faf2b000,0x00007fa4fb02b000] [id=12947]

VM state:at safepoint (normal execution)

VM Mutex/Monitor currently owned by a thread:  ([mutex/lock_event])
[0x00007fa524007b00] Threads_lock - owner thread: 0x00007fa524079800
[0x00007fa524008000] Heap_lock - owner thread: 0x00007fa4b80d7800

Heap:
 PSYoungGen      total 249856K, used 19308K [0x00000000eab00000, 0x00000000fb580000, 0x0000000100000000)
  eden space 226816K, 0% used [0x00000000eab00000,0x00000000eab00000,0x00000000f8880000)
  from space 23040K, 83% used [0x00000000f8880000,0x00000000f9b5b3d0,0x00000000f9f00000)
  to   space 17920K, 0% used [0x00000000fa180000,0x00000000fa180000,0x00000000fb300000)
 ParOldGen       total 93184K, used 41553K [0x00000000c0000000, 0x00000000c5b00000, 0x00000000eab00000)
  object space 93184K, 44% used [0x00000000c0000000,0x00000000c28944e0,0x00000000c5b00000)
 Metaspace       used 47837K, capacity 48912K, committed 49152K, reserved 1091584K
  class space    used 6481K, capacity 6801K, committed 6912K, reserved 1048576K

Card table byte_map: [0x00007fa5143f7000,0x00007fa5145f8000] byte_map_base: 0x00007fa513df7000

Marking Bits: (ParMarkBitMap*) 0x00007fa529df20a0
 Begin Bits: [0x00007fa511e9d000, 0x00007fa512e9d000)
 End Bits:   [0x00007fa512e9d000, 0x00007fa513e9d000)

Polling page: 0x00007fa52aa6f000

CodeCache: size=245760Kb used=24176Kb max_used=24183Kb free=221583Kb
 bounds [0x00007fa5149b8000, 0x00007fa516178000, 0x00007fa5239b8000]
 total_blobs=8769 nmethods=8023 adapters=658
 compilation: enabled

Compilation events (10 events):
Event: 1302.786 Thread 0x00007fa5240bf000 9162   !   3       java.util.concurrent.LinkedBlockingQueue::offer (130 bytes)
Event: 1302.788 Thread 0x00007fa5240bf000 nmethod 9162 0x00007fa51616e190 code [0x00007fa51616e440, 0x00007fa51616fa08]
Event: 1302.788 Thread 0x00007fa5240bf000 9163       3       io.spring.gradle.dependencymanagement.org.apache.maven.model.io.xpp3.MavenXpp3Reader::parseReporting (270 bytes)
Event: 1302.789 Thread 0x00007fa5240bf000 nmethod 9163 0x00007fa5161705d0 code [0x00007fa5161709c0, 0x00007fa516172528]
Event: 1302.789 Thread 0x00007fa5240bd000 9164       4       io.spring.gradle.dependencymanagement.org.apache.maven.model.Plugin::getKey (27 bytes)
Event: 1302.792 Thread 0x00007fa5240bd000 nmethod 9164 0x00007fa51616b490 code [0x00007fa51616b5e0, 0x00007fa51616b898]
Event: 1302.797 Thread 0x00007fa5240bf000 9165       3       java.util.regex.Pattern$CharProperty$1::isSatisfiedBy (17 bytes)
Event: 1302.797 Thread 0x00007fa5240bf000 nmethod 9165 0x00007fa51616b010 code [0x00007fa51616b180, 0x00007fa51616b3e8]
Event: 1302.801 Thread 0x00007fa5240bf000 9166   !   3       org.codehaus.groovy.reflection.CachedMethod::invoke (70 bytes)
Event: 1302.801 Thread 0x00007fa5240bf000 nmethod 9166 0x00007fa516175650 code [0x00007fa516175840, 0x00007fa516176128]

GC Heap History (10 events):
Event: 6.861 GC heap after
Heap after GC invocations=10 (full 2):
 PSYoungGen      total 160256K, used 0K [0x00000000eab00000, 0x00000000f8200000, 0x0000000100000000)
  eden space 148992K, 0% used [0x00000000eab00000,0x00000000eab00000,0x00000000f3c80000)
  from space 11264K, 0% used [0x00000000f4980000,0x00000000f4980000,0x00000000f5480000)
  to   space 13312K, 0% used [0x00000000f3c80000,0x00000000f3c80000,0x00000000f4980000)
 ParOldGen       total 93184K, used 19559K [0x00000000c0000000, 0x00000000c5b00000, 0x00000000eab00000)
  object space 93184K, 20% used [0x00000000c0000000,0x00000000c1319fa0,0x00000000c5b00000)
 Metaspace       used 34697K, capacity 35364K, committed 35496K, reserved 1079296K
  class space    used 5079K, capacity 5292K, committed 5376K, reserved 1048576K
}
Event: 9.449 GC heap before
{Heap before GC invocations=11 (full 2):
 PSYoungGen      total 160256K, used 148992K [0x00000000eab00000, 0x00000000f8200000, 0x0000000100000000)
  eden space 148992K, 100% used [0x00000000eab00000,0x00000000f3c80000,0x00000000f3c80000)
  from space 11264K, 0% used [0x00000000f4980000,0x00000000f4980000,0x00000000f5480000)
  to   space 13312K, 0% used [0x00000000f3c80000,0x00000000f3c80000,0x00000000f4980000)
 ParOldGen       total 93184K, used 19559K [0x00000000c0000000, 0x00000000c5b00000, 0x00000000eab00000)
  object space 93184K, 20% used [0x00000000c0000000,0x00000000c1319fa0,0x00000000c5b00000)
 Metaspace       used 37420K, capacity 38206K, committed 38400K, reserved 1081344K
  class space    used 5371K, capacity 5627K, committed 5632K, reserved 1048576K
Event: 9.463 GC heap after
Heap after GC invocations=11 (full 2):
 PSYoungGen      total 162304K, used 7805K [0x00000000eab00000, 0x00000000f7980000, 0x0000000100000000)
  eden space 148992K, 0% used [0x00000000eab00000,0x00000000eab00000,0x00000000f3c80000)
  from space 13312K, 58% used [0x00000000f3c80000,0x00000000f441f580,0x00000000f4980000)
  to   space 12800K, 0% used [0x00000000f6d00000,0x00000000f6d00000,0x00000000f7980000)
 ParOldGen       total 93184K, used 19567K [0x00000000c0000000, 0x00000000c5b00000, 0x00000000eab00000)
  object space 93184K, 20% used [0x00000000c0000000,0x00000000c131bfa0,0x00000000c5b00000)
 Metaspace       used 37420K, capacity 38206K, committed 38400K, reserved 1081344K
  class space    used 5371K, capacity 5627K, committed 5632K, reserved 1048576K
}
Event: 10.473 GC heap before
{Heap before GC invocations=12 (full 2):
 PSYoungGen      total 162304K, used 156797K [0x00000000eab00000, 0x00000000f7980000, 0x0000000100000000)
  eden space 148992K, 100% used [0x00000000eab00000,0x00000000f3c80000,0x00000000f3c80000)
  from space 13312K, 58% used [0x00000000f3c80000,0x00000000f441f580,0x00000000f4980000)
  to   space 12800K, 0% used [0x00000000f6d00000,0x00000000f6d00000,0x00000000f7980000)
 ParOldGen       total 93184K, used 19567K [0x00000000c0000000, 0x00000000c5b00000, 0x00000000eab00000)
  object space 93184K, 20% used [0x00000000c0000000,0x00000000c131bfa0,0x00000000c5b00000)
 Metaspace       used 38069K, capacity 38874K, committed 39040K, reserved 1083392K
  class space    used 5422K, capacity 5669K, committed 5760K, reserved 1048576K
Event: 10.502 GC heap after
Heap after GC invocations=12 (full 2):
 PSYoungGen      total 198656K, used 9072K [0x00000000eab00000, 0x00000000f7c00000, 0x0000000100000000)
  eden space 185856K, 0% used [0x00000000eab00000,0x00000000eab00000,0x00000000f6080000)
  from space 12800K, 70% used [0x00000000f6d00000,0x00000000f75dc040,0x00000000f7980000)
  to   space 12800K, 0% used [0x00000000f6080000,0x00000000f6080000,0x00000000f6d00000)
 ParOldGen       total 93184K, used 19575K [0x00000000c0000000, 0x00000000c5b00000, 0x00000000eab00000)
  object space 93184K, 21% used [0x00000000c0000000,0x00000000c131dfa0,0x00000000c5b00000)
 Metaspace       used 38069K, capacity 38874K, committed 39040K, reserved 1083392K
  class space    used 5422K, capacity 5669K, committed 5760K, reserved 1048576K
}
Event: 12.776 GC heap before
{Heap before GC invocations=13 (full 2):
 PSYoungGen      total 198656K, used 194928K [0x00000000eab00000, 0x00000000f7c00000, 0x0000000100000000)
  eden space 185856K, 100% used [0x00000000eab00000,0x00000000f6080000,0x00000000f6080000)
  from space 12800K, 70% used [0x00000000f6d00000,0x00000000f75dc040,0x00000000f7980000)
  to   space 12800K, 0% used [0x00000000f6080000,0x00000000f6080000,0x00000000f6d00000)
 ParOldGen       total 93184K, used 19575K [0x00000000c0000000, 0x00000000c5b00000, 0x00000000eab00000)
  object space 93184K, 21% used [0x00000000c0000000,0x00000000c131dfa0,0x00000000c5b00000)
 Metaspace       used 43598K, capacity 44504K, committed 44544K, reserved 1087488K
  class space    used 6107K, capacity 6374K, committed 6400K, reserved 1048576K
Event: 12.824 GC heap after
Heap after GC invocations=13 (full 2):
 PSYoungGen      total 198656K, used 12791K [0x00000000eab00000, 0x00000000fb300000, 0x0000000100000000)
  eden space 185856K, 0% used [0x00000000eab00000,0x00000000eab00000,0x00000000f6080000)
  from space 12800K, 99% used [0x00000000f6080000,0x00000000f6cfddf8,0x00000000f6d00000)
  to   space 17920K, 0% used [0x00000000fa180000,0x00000000fa180000,0x00000000fb300000)
 ParOldGen       total 93184K, used 29683K [0x00000000c0000000, 0x00000000c5b00000, 0x00000000eab00000)
  object space 93184K, 31% used [0x00000000c0000000,0x00000000c1cfcfb0,0x00000000c5b00000)
 Metaspace       used 43598K, capacity 44504K, committed 44544K, reserved 1087488K
  class space    used 6107K, capacity 6374K, committed 6400K, reserved 1048576K
}
Event: 1301.206 GC heap before
{Heap before GC invocations=14 (full 2):
 PSYoungGen      total 198656K, used 198647K [0x00000000eab00000, 0x00000000fb300000, 0x0000000100000000)
  eden space 185856K, 100% used [0x00000000eab00000,0x00000000f6080000,0x00000000f6080000)
  from space 12800K, 99% used [0x00000000f6080000,0x00000000f6cfddf8,0x00000000f6d00000)
  to   space 17920K, 0% used [0x00000000fa180000,0x00000000fa180000,0x00000000fb300000)
 ParOldGen       total 93184K, used 29683K [0x00000000c0000000, 0x00000000c5b00000, 0x00000000eab00000)
  object space 93184K, 31% used [0x00000000c0000000,0x00000000c1cfcfb0,0x00000000c5b00000)
 Metaspace       used 47600K, capacity 48720K, committed 48896K, reserved 1091584K
  class space    used 6481K, capacity 6801K, committed 6912K, reserved 1048576K
Event: 1301.319 GC heap after
Heap after GC invocations=14 (full 2):
 PSYoungGen      total 244736K, used 17891K [0x00000000eab00000, 0x00000000fb580000, 0x0000000100000000)
  eden space 226816K, 0% used [0x00000000eab00000,0x00000000eab00000,0x00000000f8880000)
  from space 17920K, 99% used [0x00000000fa180000,0x00000000fb2f8f30,0x00000000fb300000)
  to   space 23040K, 0% used [0x00000000f8880000,0x00000000f8880000,0x00000000f9f00000)
 ParOldGen       total 93184K, used 37217K [0x00000000c0000000, 0x00000000c5b00000, 0x00000000eab00000)
  object space 93184K, 39% used [0x00000000c0000000,0x00000000c24585c0,0x00000000c5b00000)
 Metaspace       used 47600K, capacity 48720K, committed 48896K, reserved 1091584K
  class space    used 6481K, capacity 6801K, committed 6912K, reserved 1048576K
}
Event: 1302.809 GC heap before
{Heap before GC invocations=15 (full 2):
 PSYoungGen      total 244736K, used 244707K [0x00000000eab00000, 0x00000000fb580000, 0x0000000100000000)
  eden space 226816K, 100% used [0x00000000eab00000,0x00000000f8880000,0x00000000f8880000)
  from space 17920K, 99% used [0x00000000fa180000,0x00000000fb2f8f30,0x00000000fb300000)
  to   space 23040K, 0% used [0x00000000f8880000,0x00000000f8880000,0x00000000f9f00000)
 ParOldGen       total 93184K, used 37217K [0x00000000c0000000, 0x00000000c5b00000, 0x00000000eab00000)
  object space 93184K, 39% used [0x00000000c0000000,0x00000000c24585c0,0x00000000c5b00000)
 Metaspace       used 47837K, capacity 48912K, committed 49152K, reserved 1091584K
  class space    used 6481K, capacity 6801K, committed 6912K, reserved 1048576K

Deoptimization events (10 events):
Event: 1300.974 Thread 0x00007fa4b80d6800 Uncommon trap: reason=class_check action=maybe_recompile pc=0x00007fa515ddbdd0 method=java.util.regex.Pattern$CharProperty$1.isSatisfiedBy(I)Z @ 5
Event: 1300.974 Thread 0x00007fa4b80d6800 Uncommon trap: reason=class_check action=maybe_recompile pc=0x00007fa515ddbdd0 method=java.util.regex.Pattern$CharProperty$1.isSatisfiedBy(I)Z @ 5
Event: 1300.974 Thread 0x00007fa4b80d6800 Uncommon trap: reason=class_check action=maybe_recompile pc=0x00007fa515ddbdd0 method=java.util.regex.Pattern$CharProperty$1.isSatisfiedBy(I)Z @ 5
Event: 1300.974 Thread 0x00007fa4b80d6800 Uncommon trap: reason=class_check action=maybe_recompile pc=0x00007fa515ddbdd0 method=java.util.regex.Pattern$CharProperty$1.isSatisfiedBy(I)Z @ 5
Event: 1301.012 Thread 0x00007fa4b80d6800 Uncommon trap: reason=null_check action=make_not_entrant pc=0x00007fa51596da6c method=io.spring.gradle.dependencymanagement.org.apache.maven.model.validation.DefaultModelValidator.validateEffectiveDependency(Lio/spring/gradle/dependencymanagement/org/apac
Event: 1301.320 Thread 0x00007fa524083000 Uncommon trap: reason=unstable_if action=reinterpret pc=0x00007fa51529c494 method=java.lang.ref.Reference.tryHandlePending(Z)Z @ 20
Event: 1302.749 Thread 0x00007fa4b80d7800 Uncommon trap: reason=bimorphic action=maybe_recompile pc=0x00007fa516141f5c method=java.util.regex.Pattern$CharProperty$1.isSatisfiedBy(I)Z @ 5
Event: 1302.749 Thread 0x00007fa4b80d7800 Uncommon trap: reason=bimorphic action=maybe_recompile pc=0x00007fa516141f5c method=java.util.regex.Pattern$CharProperty$1.isSatisfiedBy(I)Z @ 5
Event: 1302.749 Thread 0x00007fa4b80d7800 Uncommon trap: reason=bimorphic action=maybe_recompile pc=0x00007fa516141f5c method=java.util.regex.Pattern$CharProperty$1.isSatisfiedBy(I)Z @ 5
Event: 1302.749 Thread 0x00007fa4b80d7800 Uncommon trap: reason=bimorphic action=maybe_recompile pc=0x00007fa516141f5c method=java.util.regex.Pattern$CharProperty$1.isSatisfiedBy(I)Z @ 5

Classes redefined (0 events):
No events

Internal exceptions (10 events):
Event: 1260.106 Thread 0x00007fa4bcdb8800 Exception <a 'java/io/IOException'> (0x00000000f3317b78) thrown at [/HUDSON/workspace/8-2-build-linux-amd64/jdk8u181/11358/hotspot/src/share/vm/prims/jni.cpp, line 709]
Event: 1265.106 Thread 0x00007fa4bcdb8800 Exception <a 'java/io/IOException'> (0x00000000f3322eb8) thrown at [/HUDSON/workspace/8-2-build-linux-amd64/jdk8u181/11358/hotspot/src/share/vm/prims/jni.cpp, line 709]
Event: 1270.106 Thread 0x00007fa4bcdb8800 Exception <a 'java/io/IOException'> (0x00000000f332e1f8) thrown at [/HUDSON/workspace/8-2-build-linux-amd64/jdk8u181/11358/hotspot/src/share/vm/prims/jni.cpp, line 709]
Event: 1275.106 Thread 0x00007fa4bcdb8800 Exception <a 'java/io/IOException'> (0x00000000f3339538) thrown at [/HUDSON/workspace/8-2-build-linux-amd64/jdk8u181/11358/hotspot/src/share/vm/prims/jni.cpp, line 709]
Event: 1280.106 Thread 0x00007fa4bcdb8800 Exception <a 'java/io/IOException'> (0x00000000f3344888) thrown at [/HUDSON/workspace/8-2-build-linux-amd64/jdk8u181/11358/hotspot/src/share/vm/prims/jni.cpp, line 709]
Event: 1285.106 Thread 0x00007fa4bcdb8800 Exception <a 'java/io/IOException'> (0x00000000f334fbd8) thrown at [/HUDSON/workspace/8-2-build-linux-amd64/jdk8u181/11358/hotspot/src/share/vm/prims/jni.cpp, line 709]
Event: 1290.106 Thread 0x00007fa4bcdb8800 Exception <a 'java/io/IOException'> (0x00000000f335af28) thrown at [/HUDSON/workspace/8-2-build-linux-amd64/jdk8u181/11358/hotspot/src/share/vm/prims/jni.cpp, line 709]
Event: 1295.106 Thread 0x00007fa4bcdb8800 Exception <a 'java/io/IOException'> (0x00000000f3366278) thrown at [/HUDSON/workspace/8-2-build-linux-amd64/jdk8u181/11358/hotspot/src/share/vm/prims/jni.cpp, line 709]
Event: 1300.106 Thread 0x00007fa4bcdb8800 Exception <a 'java/io/IOException'> (0x00000000f33715b8) thrown at [/HUDSON/workspace/8-2-build-linux-amd64/jdk8u181/11358/hotspot/src/share/vm/prims/jni.cpp, line 709]
Event: 1301.011 Thread 0x00007fa4b80d6800 Implicit null exception at 0x00007fa515968ccd to 0x00007fa51596da5d

Events (10 events):
Event: 1302.749 Thread 0x00007fa4b80d7800 Uncommon trap: trap_request=0xffffffc6 fr.pc=0x00007fa516141f5c
Event: 1302.749 Thread 0x00007fa4b80d7800 DEOPT PACKING pc=0x00007fa516141f5c sp=0x00007fa48fcf8880
Event: 1302.749 Thread 0x00007fa4b80d7800 DEOPT UNPACKING pc=0x00007fa5149fd73a sp=0x00007fa48fcf8830 mode 2
Event: 1302.749 Thread 0x00007fa4b80d7800 Uncommon trap: trap_request=0xffffffc6 fr.pc=0x00007fa516141f5c
Event: 1302.749 Thread 0x00007fa4b80d7800 DEOPT PACKING pc=0x00007fa516141f5c sp=0x00007fa48fcf8880
Event: 1302.749 Thread 0x00007fa4b80d7800 DEOPT UNPACKING pc=0x00007fa5149fd73a sp=0x00007fa48fcf8830 mode 2
Event: 1302.749 Thread 0x00007fa4b80d7800 Uncommon trap: trap_request=0xffffffc6 fr.pc=0x00007fa516141f5c
Event: 1302.749 Thread 0x00007fa4b80d7800 DEOPT PACKING pc=0x00007fa516141f5c sp=0x00007fa48fcf8880
Event: 1302.749 Thread 0x00007fa4b80d7800 DEOPT UNPACKING pc=0x00007fa5149fd73a sp=0x00007fa48fcf8830 mode 2
Event: 1302.808 Executing VM operation: ParallelGCFailedAllocation


Dynamic libraries:
00400000-00401000 r-xp 00000000 08:06 1062369                            /usr/lib/jvm/java-8-oracle/bin/java
00600000-00601000 rw-p 00000000 08:06 1062369                            /usr/lib/jvm/java-8-oracle/bin/java
02101000-02122000 rw-p 00000000 00:00 0                                  [heap]
c0000000-c5b00000 rw-p 00000000 00:00 0 
c5b00000-eab00000 ---p 00000000 00:00 0 
eab00000-fb580000 rw-p 00000000 00:00 0 
100000000-1006c0000 rw-p 00000000 00:00 0 
1006c0000-140000000 ---p 00000000 00:00 0 
7fa48ee09000-7fa48ef49000 rw-p 00000000 00:00 0 
7fa48ef49000-7fa48f009000 ---p 00000000 00:00 0 
7fa48f009000-7fa48f209000 rw-p 00000000 00:00 0 
7fa48f209000-7fa48f224000 r--s 001d4000 08:06 1063933                    /usr/lib/jvm/java-8-oracle/jre/lib/ext/nashorn.jar
7fa48f224000-7fa48f237000 r--s 00345000 08:06 1063907                    /usr/lib/jvm/java-8-oracle/jre/lib/resources.jar
7fa48f2fb000-7fa48f4fb000 rw-p 00000000 00:00 0 
7fa48f4fb000-7fa48f6fb000 rw-p 00000000 00:00 0 
7fa48f6fb000-7fa48f8fb000 rw-p 00000000 00:00 0 
7fa48f8fb000-7fa48fafb000 rw-p 00000000 00:00 0 
7fa48fafb000-7fa48fafe000 ---p 00000000 00:00 0 
7fa48fafe000-7fa48fbfc000 rw-p 00000000 00:00 0 
7fa48fbfc000-7fa48fbff000 ---p 00000000 00:00 0 
7fa48fbff000-7fa48fcfd000 rw-p 00000000 00:00 0 
7fa48fcfd000-7fa48fd00000 ---p 00000000 00:00 0 
7fa48fd00000-7fa48fdfe000 rw-p 00000000 00:00 0 
7fa48fdfe000-7fa48fe01000 ---p 00000000 00:00 0 
7fa48fe01000-7fa48feff000 rw-p 00000000 00:00 0 
7fa48feff000-7fa48ff02000 ---p 00000000 00:00 0 
7fa48ff02000-7fa490000000 rw-p 00000000 00:00 0 
7fa490000000-7fa490021000 rw-p 00000000 00:00 0 
7fa490021000-7fa494000000 ---p 00000000 00:00 0 
7fa494000000-7fa494021000 rw-p 00000000 00:00 0 
7fa494021000-7fa498000000 ---p 00000000 00:00 0 
7fa498000000-7fa498655000 rw-p 00000000 00:00 0 
7fa498655000-7fa49c000000 ---p 00000000 00:00 0 
7fa49c000000-7fa49c021000 rw-p 00000000 00:00 0 
7fa49c021000-7fa4a0000000 ---p 00000000 00:00 0 
7fa4a0000000-7fa4a00bf000 rw-p 00000000 00:00 0 
7fa4a00bf000-7fa4a4000000 ---p 00000000 00:00 0 
7fa4a4000000-7fa4a4021000 rw-p 00000000 00:00 0 
7fa4a4021000-7fa4a8000000 ---p 00000000 00:00 0 
7fa4a8000000-7fa4a811d000 rw-p 00000000 00:00 0 
7fa4a811d000-7fa4ac000000 ---p 00000000 00:00 0 
7fa4ac000000-7fa4ac021000 rw-p 00000000 00:00 0 
7fa4ac021000-7fa4b0000000 ---p 00000000 00:00 0 
7fa4b0000000-7fa4b0293000 rw-p 00000000 00:00 0 
7fa4b0293000-7fa4b4000000 ---p 00000000 00:00 0 
7fa4b4000000-7fa4b4021000 rw-p 00000000 00:00 0 
7fa4b4021000-7fa4b8000000 ---p 00000000 00:00 0 
7fa4b8000000-7fa4b811e000 rw-p 00000000 00:00 0 
7fa4b811e000-7fa4bc000000 ---p 00000000 00:00 0 
7fa4bc000000-7fa4bd527000 rw-p 00000000 00:00 0 
7fa4bd527000-7fa4c0000000 ---p 00000000 00:00 0 
7fa4c0000000-7fa4c0021000 rw-p 00000000 00:00 0 
7fa4c0021000-7fa4c4000000 ---p 00000000 00:00 0 
7fa4c4000000-7fa4c4053000 rw-p 00000000 00:00 0 
7fa4c4053000-7fa4c8000000 ---p 00000000 00:00 0 
7fa4c8000000-7fa4c8075000 rw-p 00000000 00:00 0 
7fa4c8075000-7fa4cc000000 ---p 00000000 00:00 0 
7fa4cc000000-7fa4cc021000 rw-p 00000000 00:00 0 
7fa4cc021000-7fa4d0000000 ---p 00000000 00:00 0 
7fa4d0000000-7fa4d0021000 rw-p 00000000 00:00 0 
7fa4d0021000-7fa4d4000000 ---p 00000000 00:00 0 
7fa4d40f8000-7fa4d40fb000 ---p 00000000 00:00 0 
7fa4d40fb000-7fa4d43f9000 rw-p 00000000 00:00 0 
7fa4d43f9000-7fa4d45f9000 rw-p 00000000 00:00 0 
7fa4d45f9000-7fa4d45fc000 ---p 00000000 00:00 0 
7fa4d45fc000-7fa4d46fa000 rw-p 00000000 00:00 0 
7fa4d46fa000-7fa4d46fd000 ---p 00000000 00:00 0 
7fa4d46fd000-7fa4d47fb000 rw-p 00000000 00:00 0 
7fa4d47fb000-7fa4d47fe000 ---p 00000000 00:00 0 
7fa4d47fe000-7fa4d48fc000 rw-p 00000000 00:00 0 
7fa4d48fc000-7fa4d48ff000 ---p 00000000 00:00 0 
7fa4d48ff000-7fa4d49fd000 rw-p 00000000 00:00 0 
7fa4d49fd000-7fa4d4a00000 ---p 00000000 00:00 0 
7fa4d4a00000-7fa4d4cfe000 rw-p 00000000 00:00 0 
7fa4d4cfe000-7fa4d4d01000 ---p 00000000 00:00 0 
7fa4d4d01000-7fa4d4fff000 rw-p 00000000 00:00 0 
7fa4d4fff000-7fa4d8000000 rw-p 00000000 00:00 0 
7fa4d8000000-7fa4d8021000 rw-p 00000000 00:00 0 
7fa4d8021000-7fa4dc000000 ---p 00000000 00:00 0 
7fa4dc000000-7fa4dc021000 rw-p 00000000 00:00 0 
7fa4dc021000-7fa4e0000000 ---p 00000000 00:00 0 
7fa4e0000000-7fa4e2000000 rw-p 00000000 00:00 0 
7fa4e2000000-7fa4e4000000 ---p 00000000 00:00 0 
7fa4e4000000-7fa4e4e85000 rw-p 00000000 00:00 0 
7fa4e4e85000-7fa4e8000000 ---p 00000000 00:00 0 
7fa4e8000000-7fa4e8021000 rw-p 00000000 00:00 0 
7fa4e8021000-7fa4ec000000 ---p 00000000 00:00 0 
7fa4ec000000-7fa4edca5000 rw-p 00000000 00:00 0 
7fa4edca5000-7fa4f0000000 ---p 00000000 00:00 0 
7fa4f0000000-7fa4f0021000 rw-p 00000000 00:00 0 
7fa4f0021000-7fa4f4000000 ---p 00000000 00:00 0 
7fa4f4000000-7fa4f4021000 rw-p 00000000 00:00 0 
7fa4f4021000-7fa4f8000000 ---p 00000000 00:00 0 
7fa4f804e000-7fa4f824e000 rw-p 00000000 00:00 0 
7fa4f824e000-7fa4f844e000 rw-p 00000000 00:00 0 
7fa4f8462000-7fa4f8479000 r--s 00181000 08:06 3542352                    /home/kevin/.gradle/caches/modules-2/files-2.1/org.projectlombok/lombok/1.18.2/524e0a697e9d62950b2f763d88d35cd8dc82a9a1/lombok-1.18.2.jar
7fa4f84ce000-7fa4f84cf000 r--p 00000000 08:06 1577874                    /usr/share/locale-langpack/en_GB/LC_MESSAGES/libc.mo
7fa4f84cf000-7fa4f84d0000 r--s 00003000 08:06 3542032                    /home/kevin/.gradle/caches/modules-2/files-2.1/org.springframework/spring-jcl/5.0.4.RELEASE/3053e2bad0a18571bdbb9596ce51f9d458f5934f/spring-jcl-5.0.4.RELEASE.jar
7fa4f84d0000-7fa4f84e7000 r--s 00112000 08:06 3542031                    /home/kevin/.gradle/caches/modules-2/files-2.1/org.springframework/spring-core/5.0.4.RELEASE/2221a957b5561a34f044350ba4e30ef5870254a3/spring-core-5.0.4.RELEASE.jar
7fa4f84e7000-7fa4f84f1000 r--s 00078000 08:06 3542033                    /home/kevin/.gradle/caches/modules-2/files-2.1/org.apache.commons/commons-compress/1.14/7b18320d668ab080758bf5383d6d8fcf750babce/commons-compress-1.14.jar
7fa4f84f1000-7fa4f84f3000 r--s 00022000 08:06 3542030                    /home/kevin/.gradle/caches/modules-2/files-2.1/org.springframework.boot/spring-boot-loader-tools/2.0.0.RELEASE/4028160dac97d34f0851f3aa9b87a0c3877d630a/spring-boot-loader-tools-2.0.0.RELEASE.jar
7fa4f84f3000-7fa4f8502000 r--s 0009e000 08:06 3542029                    /home/kevin/.gradle/caches/modules-2/files-2.1/io.spring.gradle/dependency-management-plugin/1.0.4.RELEASE/f5b1df47ed5f708faa4d2fe0a71eb7fd36e11696/dependency-management-plugin-1.0.4.RELEASE.jar
7fa4f8502000-7fa4f8504000 r--s 0000d000 08:06 3542028                    /home/kevin/.gradle/caches/modules-2/files-2.1/org.springframework.boot/spring-boot-gradle-plugin/2.0.0.RELEASE/2383b6249166ace67896b030dbedd04a4c5f9e0a/spring-boot-gradle-plugin-2.0.0.RELEASE.jar
7fa4f8504000-7fa4f8704000 rw-p 00000000 00:00 0 
7fa4f8704000-7fa4f8904000 rw-p 00000000 00:00 0 
7fa4f8904000-7fa4f897d000 r--s 010f9000 08:06 1062476                    /usr/lib/jvm/java-8-oracle/lib/tools.jar
7fa4f897d000-7fa4f8980000 ---p 00000000 00:00 0 
7fa4f8980000-7fa4f8c7e000 rw-p 00000000 00:00 0 
7fa4f8c7e000-7fa4f8c81000 ---p 00000000 00:00 0 
7fa4f8c81000-7fa4f8d7f000 rw-p 00000000 00:00 0 
7fa4f8d7f000-7fa4f8d82000 ---p 00000000 00:00 0 
7fa4f8d82000-7fa4f8e80000 rw-p 00000000 00:00 0 
7fa4f8e80000-7fa4f8e83000 ---p 00000000 00:00 0 
7fa4f8e83000-7fa4f9181000 rw-p 00000000 00:00 0 
7fa4f9181000-7fa4f9184000 ---p 00000000 00:00 0 
7fa4f9184000-7fa4f9282000 rw-p 00000000 00:00 0 
7fa4f9282000-7fa4f9285000 ---p 00000000 00:00 0 
7fa4f9285000-7fa4f9383000 rw-p 00000000 00:00 0 
7fa4f9383000-7fa4f9386000 ---p 00000000 00:00 0 
7fa4f9386000-7fa4f9484000 rw-p 00000000 00:00 0 
7fa4f9484000-7fa4f9487000 ---p 00000000 00:00 0 
7fa4f9487000-7fa4f9585000 rw-p 00000000 00:00 0 
7fa4f9585000-7fa4f9588000 ---p 00000000 00:00 0 
7fa4f9588000-7fa4f9686000 rw-p 00000000 00:00 0 
7fa4f9686000-7fa4f9689000 ---p 00000000 00:00 0 
7fa4f9689000-7fa4f9787000 rw-p 00000000 00:00 0 
7fa4f9787000-7fa4f978e000 r--s 00000000 08:06 1312190                    /usr/lib/x86_64-linux-gnu/gconv/gconv-modules.cache
7fa4f978e000-7fa4f9791000 ---p 00000000 00:00 0 
7fa4f9791000-7fa4f988f000 rw-p 00000000 00:00 0 
7fa4f988f000-7fa4f9894000 r--s 0009d000 08:06 1063926                    /usr/lib/jvm/java-8-oracle/jre/lib/jsse.jar
7fa4f9894000-7fa4f9a94000 rw-p 00000000 00:00 0 
7fa4f9a94000-7fa4f9a97000 ---p 00000000 00:00 0 
7fa4f9a97000-7fa4f9b95000 rw-p 00000000 00:00 0 
7fa4f9b95000-7fa4f9b9e000 r-xp 00000000 08:06 1064093                    /usr/lib/jvm/java-8-oracle/jre/lib/amd64/libmanagement.so
7fa4f9b9e000-7fa4f9d9d000 ---p 00009000 08:06 1064093                    /usr/lib/jvm/java-8-oracle/jre/lib/amd64/libmanagement.so
7fa4f9d9d000-7fa4f9d9e000 rw-p 00008000 08:06 1064093                    /usr/lib/jvm/java-8-oracle/jre/lib/amd64/libmanagement.so
7fa4f9d9e000-7fa4f9da0000 r--s 00007000 08:06 531321                     /home/kevin/.gradle/wrapper/dists/gradle-4.5.1-all/87kuriyahurjjkki3zii366f2/gradle-4.5.1/lib/plugins/gradle-tooling-api-builders-4.5.1.jar
7fa4f9da0000-7fa4f9da5000 r--s 00017000 08:06 531306                     /home/kevin/.gradle/wrapper/dists/gradle-4.5.1-all/87kuriyahurjjkki3zii366f2/gradle-4.5.1/lib/plugins/gradle-testing-native-4.5.1.jar
7fa4f9da5000-7fa4f9daa000 r--s 0005a000 08:06 531378                     /home/kevin/.gradle/wrapper/dists/gradle-4.5.1-all/87kuriyahurjjkki3zii366f2/gradle-4.5.1/lib/plugins/bsh-2.0b6.jar
7fa4f9daa000-7fa4f9dac000 r--s 00006000 08:06 531409                     /home/kevin/.gradle/wrapper/dists/gradle-4.5.1-all/87kuriyahurjjkki3zii366f2/gradle-4.5.1/lib/plugins/jcommander-1.12.jar
7fa4f9dac000-7fa4f9db2000 r--s 00033000 08:06 531410                     /home/kevin/.gradle/wrapper/dists/gradle-4.5.1-all/87kuriyahurjjkki3zii366f2/gradle-4.5.1/lib/plugins/snakeyaml-1.6.jar
7fa4f9db2000-7fa4f9dbb000 r--s 00089000 08:06 531376                     /home/kevin/.gradle/wrapper/dists/gradle-4.5.1-all/87kuriyahurjjkki3zii366f2/gradle-4.5.1/lib/plugins/testng-6.3.1.jar
7fa4f9dbb000-7fa4f9dbd000 r--s 00009000 08:06 531408                     /home/kevin/.gradle/wrapper/dists/gradle-4.5.1-all/87kuriyahurjjkki3zii366f2/gradle-4.5.1/lib/plugins/hamcrest-core-1.3.jar
7fa4f9dbd000-7fa4f9dc5000 r--s 00045000 08:06 531377                     /home/kevin/.gradle/wrapper/dists/gradle-4.5.1-all/87kuriyahurjjkki3zii366f2/gradle-4.5.1/lib/plugins/junit-4.12.jar
7fa4f9dc5000-7fa4f9dc9000 r--s 00019000 08:06 531327                     /home/kevin/.gradle/wrapper/dists/gradle-4.5.1-all/87kuriyahurjjkki3zii366f2/gradle-4.5.1/lib/plugins/gradle-testing-jvm-4.5.1.jar
7fa4f9dc9000-7fa4f9dd1000 r--s 00030000 08:06 531333                     /home/kevin/.gradle/wrapper/dists/gradle-4.5.1-all/87kuriyahurjjkki3zii366f2/gradle-4.5.1/lib/plugins/gradle-testing-base-4.5.1.jar
7fa4f9dd1000-7fa4f9dd8000 r--s 00043000 08:06 531371                     /home/kevin/.gradle/wrapper/dists/gradle-4.5.1-all/87kuriyahurjjkki3zii366f2/gradle-4.5.1/lib/plugins/bcpg-jdk15on-1.58.jar
7fa4f9dd8000-7fa4f9dda000 r--s 0000e000 08:06 531304                     /home/kevin/.gradle/wrapper/dists/gradle-4.5.1-all/87kuriyahurjjkki3zii366f2/gradle-4.5.1/lib/plugins/gradle-signing-4.5.1.jar
7fa4f9dda000-7fa4f9ddc000 r--s 00007000 08:06 531312                     /home/kevin/.gradle/wrapper/dists/gradle-4.5.1-all/87kuriyahurjjkki3zii366f2/gradle-4.5.1/lib/plugins/gradle-scala-4.5.1.jar
7fa4f9ddc000-7fa4f9ddd000 r--s 00004000 08:06 531343                     /home/kevin/.gradle/wrapper/dists/gradle-4.5.1-all/87kuriyahurjjkki3zii366f2/gradle-4.5.1/lib/plugins/gradle-resources-sftp-4.5.1.jar
7fa4f9ddd000-7fa4f9de4000 r--s 00057000 08:06 531353                     /home/kevin/.gradle/wrapper/dists/gradle-4.5.1-all/87kuriyahurjjkki3zii366f2/gradle-4.5.1/lib/plugins/aws-java-sdk-kms-1.11.6.jar
7fa4f9de4000-7fa4f9df2000 r--s 00087000 08:06 531354                     /home/kevin/.gradle/wrapper/dists/gradle-4.5.1-all/87kuriyahurjjkki3zii366f2/gradle-4.5.1/lib/plugins/aws-java-sdk-core-1.11.6.jar
7fa4f9df2000-7fa4f9dff000 r--s 0008e000 08:06 531352                     /home/kevin/.gradle/wrapper/dists/gradle-4.5.1-all/87kuriyahurjjkki3zii366f2/gradle-4.5.1/lib/plugins/aws-java-sdk-s3-1.11.6.jar
7fa4f9dff000-7fa4f9e01000 r--s 00004000 08:06 531338                     /home/kevin/.gradle/wrapper/dists/gradle-4.5.1-all/87kuriyahurjjkki3zii366f2/gradle-4.5.1/lib/plugins/gradle-resources-s3-4.5.1.jar
7fa4f9e01000-7fa4f9e11000 r--s 00088000 08:06 531387                     /home/kevin/.gradle/wrapper/dists/gradle-4.5.1-all/87kuriyahurjjkki3zii366f2/gradle-4.5.1/lib/plugins/joda-time-2.8.2.jar
7fa4f9e11000-7fa4f9e23000 r--s 0011f000 08:06 531384                     /home/kevin/.gradle/wrapper/dists/gradle-4.5.1-all/87kuriyahurjjkki3zii366f2/gradle-4.5.1/lib/plugins/jackson-databind-2.8.11.jar
7fa4f9e23000-7fa4f9e26000 r--s 0000b000 08:06 531386                     /home/kevin/.gradle/wrapper/dists/gradle-4.5.1-all/87kuriyahurjjkki3zii366f2/gradle-4.5.1/lib/plugins/jackson-annotations-2.8.11.jar
7fa4f9e26000-7fa4f9e2a000 r--s 00042000 08:06 531385                     /home/kevin/.gradle/wrapper/dists/gradle-4.5.1-all/87kuriyahurjjkki3zii366f2/gradle-4.5.1/lib/plugins/jackson-core-2.8.11.jar
7fa4f9e2a000-7fa4f9e2b000 r--s 00001000 08:06 531359                     /home/kevin/.gradle/wrapper/dists/gradle-4.5.1-all/87kuriyahurjjkki3zii366f2/gradle-4.5.1/lib/plugins/google-http-client-jackson2-1.22.0.jar
7fa4f9e2b000-7fa4f9e34000 r--s 0004f000 08:06 531360                     /home/kevin/.gradle/wrapper/dists/gradle-4.5.1-all/87kuriyahurjjkki3zii366f2/gradle-4.5.1/lib/plugins/google-http-client-1.22.0.jar
7fa4f9e34000-7fa4f9e36000 r--s 0000d000 08:06 531358                     /home/kevin/.gradle/wrapper/dists/gradle-4.5.1-all/87kuriyahurjjkki3zii366f2/gradle-4.5.1/lib/plugins/google-oauth-client-1.22.0.jar
7fa4f9e36000-7fa4f9e3b000 r--s 0002c000 08:06 531357                     /home/kevin/.gradle/wrapper/dists/gradle-4.5.1-all/87kuriyahurjjkki3zii366f2/gradle-4.5.1/lib/plugins/google-api-client-1.22.0.jar
7fa4f9e3b000-7fa4f9e3e000 r--s 00016000 08:06 531356                     /home/kevin/.gradle/wrapper/dists/gradle-4.5.1-all/87kuriyahurjjkki3zii366f2/gradle-4.5.1/lib/plugins/google-api-services-storage-v1-rev78-1.22.0.jar
7fa4f9e3e000-7fa4f9e40000 r--s 00003000 08:06 531339                     /home/kevin/.gradle/wrapper/dists/gradle-4.5.1-all/87kuriyahurjjkki3zii366f2/gradle-4.5.1/lib/plugins/gradle-resources-gcs-4.5.1.jar
7fa4f9e40000-7fa4f9e42000 r--s 00010000 08:06 531334                     /home/kevin/.gradle/wrapper/dists/gradle-4.5.1-all/87kuriyahurjjkki3zii366f2/gradle-4.5.1/lib/plugins/gradle-reporting-4.5.1.jar
7fa4f9e42000-7fa4f9e44000 r--s 00005000 08:06 531335                     /home/kevin/.gradle/wrapper/dists/gradle-4.5.1-all/87kuriyahurjjkki3zii366f2/gradle-4.5.1/lib/plugins/gradle-publish-4.5.1.jar
7fa4f9e44000-7fa4f9e46000 r--s 00009000 08:06 531362                     /home/kevin/.gradle/wrapper/dists/gradle-4.5.1-all/87kuriyahurjjkki3zii366f2/gradle-4.5.1/lib/plugins/commons-cli-1.2.jar
7fa4f9e46000-7fa4f9e4c000 r--s 00038000 08:06 531320                     /home/kevin/.gradle/wrapper/dists/gradle-4.5.1-all/87kuriyahurjjkki3zii366f2/gradle-4.5.1/lib/plugins/gradle-plugins-4.5.1.jar
7fa4f9e4c000-7fa4f9e4e000 r--s 00009000 08:06 531308                     /home/kevin/.gradle/wrapper/dists/gradle-4.5.1-all/87kuriyahurjjkki3zii366f2/gradle-4.5.1/lib/plugins/gradle-plugin-development-4.5.1.jar
7fa4f9e4e000-7fa4f9e55000 r--s 0002e000 08:06 531315                     /home/kevin/.gradle/wrapper/dists/gradle-4.5.1-all/87kuriyahurjjkki3zii366f2/gradle-4.5.1/lib/plugins/gradle-platform-play-4.5.1.jar
7fa4f9e55000-7fa4f9e66000 r--s 0006f000 08:06 531331                     /home/kevin/.gradle/wrapper/dists/gradle-4.5.1-all/87kuriyahurjjkki3zii366f2/gradle-4.5.1/lib/plugins/gradle-platform-native-4.5.1.jar
7fa4f9e66000-7fa4f9e6a000 r--s 0001b000 08:06 531330                     /home/kevin/.gradle/wrapper/dists/gradle-4.5.1-all/87kuriyahurjjkki3zii366f2/gradle-4.5.1/lib/plugins/gradle-platform-jvm-4.5.1.jar
7fa4f9e6a000-7fa4f9e71000 r--s 00028000 08:06 531336                     /home/kevin/.gradle/wrapper/dists/gradle-4.5.1-all/87kuriyahurjjkki3zii366f2/gradle-4.5.1/lib/plugins/gradle-platform-base-4.5.1.jar
7fa4f9e71000-7fa4f9e9c000 r--s 00247000 08:06 531363                     /home/kevin/.gradle/wrapper/dists/gradle-4.5.1-all/87kuriyahurjjkki3zii366f2/gradle-4.5.1/lib/plugins/biz.aQute.bndlib-3.4.0.jar
7fa4f9e9c000-7fa4f9e9d000 r--s 00004000 08:06 531303                     /home/kevin/.gradle/wrapper/dists/gradle-4.5.1-all/87kuriyahurjjkki3zii366f2/gradle-4.5.1/lib/plugins/gradle-osgi-4.5.1.jar
7fa4f9e9d000-7fa4f9ea0000 r--s 0000c000 08:06 531365                     /home/kevin/.gradle/wrapper/dists/gradle-4.5.1-all/87kuriyahurjjkki3zii366f2/gradle-4.5.1/lib/plugins/pmaven-groovy-0.8-20100325.jar
7fa4f9ea0000-7fa4f9ea1000 r--s 00004000 08:06 531364                     /home/kevin/.gradle/wrapper/dists/gradle-4.5.1-all/87kuriyahurjjkki3zii366f2/gradle-4.5.1/lib/plugins/pmaven-common-0.8-20100325.jar
7fa4f9ea1000-7fa4f9ea6000 r--s 00026000 08:06 531309                     /home/kevin/.gradle/wrapper/dists/gradle-4.5.1-all/87kuriyahurjjkki3zii366f2/gradle-4.5.1/lib/plugins/gradle-maven-4.5.1.jar
7fa4f9ea6000-7fa4f9ea9000 r--s 0000b000 08:06 531326                     /home/kevin/.gradle/wrapper/dists/gradle-4.5.1-all/87kuriyahurjjkki3zii366f2/gradle-4.5.1/lib/plugins/gradle-language-scala-4.5.1.jar
7fa4f9ea9000-7fa4f9eb4000 r--s 0004b000 08:06 531307                     /home/kevin/.gradle/wrapper/dists/gradle-4.5.1-all/87kuriyahurjjkki3zii366f2/gradle-4.5.1/lib/plugins/gradle-language-native-4.5.1.jar
7fa4f9eb4000-7fa4f9eb6000 r--s 00005000 08:06 531329                     /home/kevin/.gradle/wrapper/dists/gradle-4.5.1-all/87kuriyahurjjkki3zii366f2/gradle-4.5.1/lib/plugins/gradle-language-jvm-4.5.1.jar
7fa4f9eb6000-7fa4f9ebd000 r--s 00030000 08:06 531328                     /home/kevin/.gradle/wrapper/dists/gradle-4.5.1-all/87kuriyahurjjkki3zii366f2/gradle-4.5.1/lib/plugins/gradle-language-java-4.5.1.jar
7fa4f9ebd000-7fa4f9ebf000 r--s 0000b000 08:06 531325                     /home/kevin/.gradle/wrapper/dists/gradle-4.5.1-all/87kuriyahurjjkki3zii366f2/gradle-4.5.1/lib/plugins/gradle-language-groovy-4.5.1.jar
7fa4f9ebf000-7fa4f9ec6000 r--s 00035000 08:06 531374                     /home/kevin/.gradle/wrapper/dists/gradle-4.5.1-all/87kuriyahurjjkki3zii366f2/gradle-4.5.1/lib/plugins/simple-4.1.21.jar
7fa4f9ec6000-7fa4f9ed2000 r--s 00100000 08:06 531372                     /home/kevin/.gradle/wrapper/dists/gradle-4.5.1-all/87kuriyahurjjkki3zii366f2/gradle-4.5.1/lib/plugins/rhino-1.7R3.jar
7fa4f9ed2000-7fa4f9ed6000 r--s 00011000 08:06 531316                     /home/kevin/.gradle/wrapper/dists/gradle-4.5.1-all/87kuriyahurjjkki3zii366f2/gradle-4.5.1/lib/plugins/gradle-javascript-4.5.1.jar
7fa4f9ed6000-7fa4f9ed9000 r--s 00011000 08:06 531318                     /home/kevin/.gradle/wrapper/dists/gradle-4.5.1-all/87kuriyahurjjkki3zii366f2/gradle-4.5.1/lib/plugins/gradle-jacoco-4.5.1.jar
7fa4f9ed9000-7fa4f9edc000 r--s 0000f000 08:06 531317                     /home/kevin/.gradle/wrapper/dists/gradle-4.5.1-all/87kuriyahurjjkki3zii366f2/gradle-4.5.1/lib/plugins/gradle-ivy-4.5.1.jar
7fa4f9edc000-7fa4f9edd000 r--s 00002000 08:06 531310                     /home/kevin/.gradle/wrapper/dists/gradle-4.5.1-all/87kuriyahurjjkki3zii366f2/gradle-4.5.1/lib/plugins/gradle-ide-play-4.5.1.jar
7fa4f9edd000-7fa4f9ede000 r--s 00011000 08:06 531375                     /home/kevin/.gradle/wrapper/dists/gradle-4.5.1-all/87kuriyahurjjkki3zii366f2/gradle-4.5.1/lib/plugins/dd-plist-1.20.jar
7fa4f9ede000-7fa4f9ee3000 r--s 00029000 08:06 531305                     /home/kevin/.gradle/wrapper/dists/gradle-4.5.1-all/87kuriyahurjjkki3zii366f2/gradle-4.5.1/lib/plugins/gradle-ide-native-4.5.1.jar
7fa4f9ee3000-7fa4f9eed000 r--s 00056000 08:06 531311                     /home/kevin/.gradle/wrapper/dists/gradle-4.5.1-all/87kuriyahurjjkki3zii366f2/gradle-4.5.1/lib/plugins/gradle-ide-4.5.1.jar
7fa4f9eed000-7fa4f9eef000 r--s 00007000 08:06 531314                     /home/kevin/.gradle/wrapper/dists/gradle-4.5.1-all/87kuriyahurjjkki3zii366f2/gradle-4.5.1/lib/plugins/gradle-ear-4.5.1.jar
7fa4f9eef000-7fa4f9ef1000 r--s 00005000 08:06 531351                     /home/kevin/.gradle/wrapper/dists/gradle-4.5.1-all/87kuriyahurjjkki3zii366f2/gradle-4.5.1/lib/plugins/jatl-0.2.2.jar
7fa4f9ef1000-7fa4f9ef7000 r--s 00039000 08:06 531332                     /home/kevin/.gradle/wrapper/dists/gradle-4.5.1-all/87kuriyahurjjkki3zii366f2/gradle-4.5.1/lib/plugins/gradle-diagnostics-4.5.1.jar
7fa4f9ef7000-7fa4f9ef9000 r--s 0000c000 08:06 531323                     /home/kevin/.gradle/wrapper/dists/gradle-4.5.1-all/87kuriyahurjjkki3zii366f2/gradle-4.5.1/lib/plugins/gradle-composite-builds-4.5.1.jar
7fa4f9ef9000-7fa4f9efe000 r--s 00026000 08:06 531301                     /home/kevin/.gradle/wrapper/dists/gradle-4.5.1-all/87kuriyahurjjkki3zii366f2/gradle-4.5.1/lib/plugins/gradle-code-quality-4.5.1.jar
7fa4f9efe000-7fa4f9f03000 r--s 00027000 08:06 531319                     /home/kevin/.gradle/wrapper/dists/gradle-4.5.1-all/87kuriyahurjjkki3zii366f2/gradle-4.5.1/lib/plugins/gradle-build-init-4.5.1.jar
7fa4f9f03000-7fa4f9f0a000 r--s 0002c000 08:06 531313                     /home/kevin/.gradle/wrapper/dists/gradle-4.5.1-all/87kuriyahurjjkki3zii366f2/gradle-4.5.1/lib/plugins/gradle-build-comparison-4.5.1.jar
7fa4f9f0a000-7fa4f9f0b000 r--s 00002000 08:06 531340                     /home/kevin/.gradle/wrapper/dists/gradle-4.5.1-all/87kuriyahurjjkki3zii366f2/gradle-4.5.1/lib/plugins/gradle-build-cache-http-4.5.1.jar
7fa4f9f0b000-7fa4f9f0d000 r--s 00008000 08:06 531302                     /home/kevin/.gradle/wrapper/dists/gradle-4.5.1-all/87kuriyahurjjkki3zii366f2/gradle-4.5.1/lib/plugins/gradle-antlr-4.5.1.jar
7fa4f9f0d000-7fa4f9f0f000 r--s 00004000 08:06 531324                     /home/kevin/.gradle/wrapper/dists/gradle-4.5.1-all/87kuriyahurjjkki3zii366f2/gradle-4.5.1/lib/plugins/gradle-announce-4.5.1.jar
7fa4f9f0f000-7fa4f9f11000 r--s 00009000 08:06 531229                     /home/kevin/.gradle/wrapper/dists/gradle-4.5.1-all/87kuriyahurjjkki3zii366f2/gradle-4.5.1/lib/gradle-kotlin-dsl-tooling-builders-0.14.2.jar
7fa4f9f11000-7fa4f9f14000 r--s 0000b000 08:06 531337                     /home/kevin/.gradle/wrapper/dists/gradle-4.5.1-all/87kuriyahurjjkki3zii366f2/gradle-4.5.1/lib/plugins/gradle-plugin-use-4.5.1.jar
7fa4f9f14000-7fa4f9f15000 r--s 00000000 08:06 531239                     /home/kevin/.gradle/wrapper/dists/gradle-4.5.1-all/87kuriyahurjjkki3zii366f2/gradle-4.5.1/lib/gradle-runtime-api-info-4.5.1.jar
7fa4f9f15000-7fa4f9f18000 r--s 0001c000 08:06 531380                     /home/kevin/.gradle/wrapper/dists/gradle-4.5.1-all/87kuriyahurjjkki3zii366f2/gradle-4.5.1/lib/plugins/nekohtml-1.9.14.jar
7fa4f9f18000-7fa4f9f31000 r--s 00135000 08:06 531381                     /home/kevin/.gradle/wrapper/dists/gradle-4.5.1-all/87kuriyahurjjkki3zii366f2/gradle-4.5.1/lib/plugins/xercesImpl-2.11.0.jar
7fa4f9f31000-7fa4f9f34000 r--s 0000c000 08:06 531342                     /home/kevin/.gradle/wrapper/dists/gradle-4.5.1-all/87kuriyahurjjkki3zii366f2/gradle-4.5.1/lib/plugins/gradle-resources-http-4.5.1.jar
7fa4f9f34000-7fa4f9f3a000 r--s 0005b000 08:06 531379                     /home/kevin/.gradle/wrapper/dists/gradle-4.5.1-all/87kuriyahurjjkki3zii366f2/gradle-4.5.1/lib/plugins/jcifs-1.3.17.jar
7fa4f9f3a000-7fa4f9f41000 r--s 00049000 08:06 531411                     /home/kevin/.gradle/wrapper/dists/gradle-4.5.1-all/87kuriyahurjjkki3zii366f2/gradle-4.5.1/lib/plugins/httpcore-4.4.4.jar
7fa4f9f41000-7fa4f9f47000 r--s 00033000 08:06 531370                     /home/kevin/.gradle/wrapper/dists/gradle-4.5.1-all/87kuriyahurjjkki3zii366f2/gradle-4.5.1/lib/plugins/commons-codec-1.6.jar
7fa4f9f47000-7fa4f9f54000 r--s 000a4000 08:06 531361                     /home/kevin/.gradle/wrapper/dists/gradle-4.5.1-all/87kuriyahurjjkki3zii366f2/gradle-4.5.1/lib/plugins/httpclient-4.4.1.jar
7fa4f9f54000-7fa4f9f77000 r--s 00223000 08:06 531355                     /home/kevin/.gradle/wrapper/dists/gradle-4.5.1-all/87kuriyahurjjkki3zii366f2/gradle-4.5.1/lib/plugins/org.eclipse.jgit-4.5.3.201708160445-r.jar
7fa4f9f77000-7fa4f9f79000 r--s 00006000 08:06 531345                     /home/kevin/.gradle/wrapper/dists/gradle-4.5.1-all/87kuriyahurjjkki3zii366f2/gradle-4.5.1/lib/plugins/gradle-version-control-4.5.1.jar
7fa4f9f79000-7fa4f9f7a000 r--s 00000000 08:06 531242                     /home/kevin/.gradle/wrapper/dists/gradle-4.5.1-all/87kuriyahurjjkki3zii366f2/gradle-4.5.1/lib/gradle-installation-beacon-4.5.1.jar
7fa4f9f7a000-7fa4f9fcd000 r--s 00373000 08:06 531389                     /home/kevin/.gradle/wrapper/dists/gradle-4.5.1-all/87kuriyahurjjkki3zii366f2/gradle-4.5.1/lib/plugins/bcprov-jdk15on-1.58.jar
7fa4f9fcd000-7fa4f9fd1000 r--s 0001d000 08:06 531388                     /home/kevin/.gradle/wrapper/dists/gradle-4.5.1-all/87kuriyahurjjkki3zii366f2/gradle-4.5.1/lib/plugins/xbean-reflect-3.4.jar
7fa4f9fd1000-7fa4f9fd7000 r--s 0003f000 08:06 531347                     /home/kevin/.gradle/wrapper/dists/gradle-4.5.1-all/87kuriyahurjjkki3zii366f2/gradle-4.5.1/lib/plugins/maven-compat-3.0.4.jar
7fa4f9fd7000-7fa4f9fd8000 r--s 00002000 08:06 531349                     /home/kevin/.gradle/wrapper/dists/gradle-4.5.1-all/87kuriyahurjjkki3zii366f2/gradle-4.5.1/lib/plugins/wagon-http-2.4.jar
7fa4f9fd8000-7fa4f9fd9000 r--s 00007000 08:06 531350                     /home/kevin/.gradle/wrapper/dists/gradle-4.5.1-all/87kuriyahurjjkki3zii366f2/gradle-4.5.1/lib/plugins/wagon-http-shared4-2.4.jar
7fa4f9fd9000-7fa4f9fdb000 r--s 0000b000 08:06 531390                     /home/kevin/.gradle/wrapper/dists/gradle-4.5.1-all/87kuriyahurjjkki3zii366f2/gradle-4.5.1/lib/plugins/maven-plugin-api-3.0.4.jar
7fa4f9fdb000-7fa4f9fdd000 r--s 0000c000 08:06 531367                     /home/kevin/.gradle/wrapper/dists/gradle-4.5.1-all/87kuriyahurjjkki3zii366f2/gradle-4.5.1/lib/plugins/maven-aether-provider-3.0.4.jar
7fa4f9fdd000-7fa4f9fe1000 r--s 00021000 08:06 531368                     /home/kevin/.gradle/wrapper/dists/gradle-4.5.1-all/87kuriyahurjjkki3zii366f2/gradle-4.5.1/lib/plugins/maven-model-builder-3.0.4.jar
7fa4f9fe1000-7fa4f9fe3000 r--s 00026000 08:06 531391                     /home/kevin/.gradle/wrapper/dists/gradle-4.5.1-all/87kuriyahurjjkki3zii366f2/gradle-4.5.1/lib/plugins/maven-model-3.0.4.jar
7fa4f9fe3000-7fa4f9fe6000 r--s 00008000 08:06 531366                     /home/kevin/.gradle/wrapper/dists/gradle-4.5.1-all/87kuriyahurjjkki3zii366f2/gradle-4.5.1/lib/plugins/maven-settings-builder-3.0.4.jar
7fa4f9fe6000-7fa4f9fe8000 r--s 0000a000 08:06 531392                     /home/kevin/.gradle/wrapper/dists/gradle-4.5.1-all/87kuriyahurjjkki3zii366f2/gradle-4.5.1/lib/plugins/maven-settings-3.0.4.jar
7fa4f9fe8000-7fa4f9fea000 r--s 00006000 08:06 531393                     /home/kevin/.gradle/wrapper/dists/gradle-4.5.1-all/87kuriyahurjjkki3zii366f2/gradle-4.5.1/lib/plugins/maven-repository-metadata-3.0.4.jar
7fa4f9fea000-7fa4f9fec000 r--s 0000b000 08:06 531394                     /home/kevin/.gradle/wrapper/dists/gradle-4.5.1-all/87kuriyahurjjkki3zii366f2/gradle-4.5.1/lib/plugins/maven-artifact-3.0.4.jar
7fa4f9fec000-7fa4f9fef000 r--s 0001d000 08:06 531395                     /home/kevin/.gradle/wrapper/dists/gradle-4.5.1-all/87kuriyahurjjkki3zii366f2/gradle-4.5.1/lib/plugins/aether-impl-1.13.1.jar
7fa4f9fef000-7fa4f9ff0000 r--s 00003000 08:06 531398                     /home/kevin/.gradle/wrapper/dists/gradle-4.5.1-all/87kuriyahurjjkki3zii366f2/gradle-4.5.1/lib/plugins/aether-spi-1.13.1.jar
7fa4f9ff0000-7fa4f9ff2000 r--s 00006000 08:06 531396                     /home/kevin/.gradle/wrapper/dists/gradle-4.5.1-all/87kuriyahurjjkki3zii366f2/gradle-4.5.1/lib/plugins/aether-connector-wagon-1.13.1.jar
7fa4f9ff2000-7fa4f9ff6000 r--s 0001c000 08:06 531397                     /home/kevin/.gradle/wrapper/dists/gradle-4.5.1-all/87kuriyahurjjkki3zii366f2/gradle-4.5.1/lib/plugins/aether-util-1.13.1.jar
7fa4f9ff6000-7fa4f9ff9000 r--s 00013000 08:06 531399                     /home/kevin/.gradle/wrapper/dists/gradle-4.5.1-all/87kuriyahurjjkki3zii366f2/gradle-4.5.1/lib/plugins/aether-api-1.13.1.jar
7fa4f9ff9000-7fa4f9ffb000 r--s 0000d000 08:06 531400                     /home/kevin/.gradle/wrapper/dists/gradle-4.5.1-all/87kuriyahurjjkki3zii366f2/gradle-4.5.1/lib/plugins/plexus-interpolation-1.14.jar
7fa4f9ffb000-7fa4f9ffc000 r--s 00006000 08:06 531401                     /home/kevin/.gradle/wrapper/dists/gradle-4.5.1-all/87kuriyahurjjkki3zii366f2/gradle-4.5.1/lib/plugins/plexus-sec-dispatcher-1.3.jar
7fa4f9ffc000-7fa4fa003000 r--s 0002e000 08:06 531402                     /home/kevin/.gradle/wrapper/dists/gradle-4.5.1-all/87kuriyahurjjkki3zii366f2/gradle-4.5.1/lib/plugins/plexus-container-default-1.5.5.jar
7fa4fa003000-7fa4fa005000 r--s 0000b000 08:06 531404                     /home/kevin/.gradle/wrapper/dists/gradle-4.5.1-all/87kuriyahurjjkki3zii366f2/gradle-4.5.1/lib/plugins/wagon-provider-api-2.4.jar
7fa4fa005000-7fa4fa008000 r--s 00034000 08:06 531405                     /home/kevin/.gradle/wrapper/dists/gradle-4.5.1-all/87kuriyahurjjkki3zii366f2/gradle-4.5.1/lib/plugins/plexus-utils-2.1.jar
7fa4fa008000-7fa4fa00a000 r--s 0000a000 08:06 531406                     /home/kevin/.gradle/wrapper/dists/gradle-4.5.1-all/87kuriyahurjjkki3zii366f2/gradle-4.5.1/lib/plugins/plexus-classworlds-2.4.jar
7fa4fa00a000-7fa4fa00c000 r--s 00000000 08:06 531369                     /home/kevin/.gradle/wrapper/dists/gradle-4.5.1-all/87kuriyahurjjkki3zii366f2/gradle-4.5.1/lib/plugins/plexus-component-annotations-1.5.5.jar
7fa4fa00c000-7fa4fa00e000 r--s 00002000 08:06 531407                     /home/kevin/.gradle/wrapper/dists/gradle-4.5.1-all/87kuriyahurjjkki3zii366f2/gradle-4.5.1/lib/plugins/plexus-cipher-1.7.jar
7fa4fa00e000-7fa4fa01a000 r--s 0007d000 08:06 531348                     /home/kevin/.gradle/wrapper/dists/gradle-4.5.1-all/87kuriyahurjjkki3zii366f2/gradle-4.5.1/lib/plugins/maven-core-3.0.4.jar
7fa4fa01a000-7fa4fa01f000 r--s 00034000 08:06 531373                     /home/kevin/.gradle/wrapper/dists/gradle-4.5.1-all/87kuriyahurjjkki3zii366f2/gradle-4.5.1/lib/plugins/gson-2.7.jar
7fa4fa01f000-7fa4fa024000 r--s 00040000 08:06 531383                     /home/kevin/.gradle/wrapper/dists/gradle-4.5.1-all/87kuriyahurjjkki3zii366f2/gradle-4.5.1/lib/plugins/jsch-0.1.54.jar
7fa4fa024000-7fa4fa04c000 r--s 00142000 08:06 531341                     /home/kevin/.gradle/wrapper/dists/gradle-4.5.1-all/87kuriyahurjjkki3zii366f2/gradle-4.5.1/lib/plugins/gradle-dependency-management-4.5.1.jar
7fa4fa04c000-7fa4fa063000 r-xp 00000000 08:06 409482                     /lib/x86_64-linux-gnu/libgcc_s.so.1
7fa4fa063000-7fa4fa262000 ---p 00017000 08:06 409482                     /lib/x86_64-linux-gnu/libgcc_s.so.1
7fa4fa262000-7fa4fa263000 r--p 00016000 08:06 409482                     /lib/x86_64-linux-gnu/libgcc_s.so.1
7fa4fa263000-7fa4fa264000 rw-p 00017000 08:06 409482                     /lib/x86_64-linux-gnu/libgcc_s.so.1
7fa4fa264000-7fa4fa3dd000 r-xp 00000000 08:06 1057347                    /usr/lib/x86_64-linux-gnu/libstdc++.so.6.0.25
7fa4fa3dd000-7fa4fa5dd000 ---p 00179000 08:06 1057347                    /usr/lib/x86_64-linux-gnu/libstdc++.so.6.0.25
7fa4fa5dd000-7fa4fa5e7000 r--p 00179000 08:06 1057347                    /usr/lib/x86_64-linux-gnu/libstdc++.so.6.0.25
7fa4fa5e7000-7fa4fa5e9000 rw-p 00183000 08:06 1057347                    /usr/lib/x86_64-linux-gnu/libstdc++.so.6.0.25
7fa4fa5e9000-7fa4fa5ed000 rw-p 00000000 00:00 0 
7fa4fa5ed000-7fa4fa5ee000 r--s 00002000 08:06 531403                     /home/kevin/.gradle/wrapper/dists/gradle-4.5.1-all/87kuriyahurjjkki3zii366f2/gradle-4.5.1/lib/plugins/wagon-file-2.4.jar
7fa4fa5ee000-7fa4fa5fd000 r--s 000d9000 08:06 531382                     /home/kevin/.gradle/wrapper/dists/gradle-4.5.1-all/87kuriyahurjjkki3zii366f2/gradle-4.5.1/lib/plugins/ivy-2.2.0.jar
7fa4fa5fd000-7fa4fa5ff000 r--s 00010000 08:06 531346                     /home/kevin/.gradle/wrapper/dists/gradle-4.5.1-all/87kuriyahurjjkki3zii366f2/gradle-4.5.1/lib/plugins/asm-util-6.0.jar
7fa4fa5ff000-7fa4fa602000 r--s 0000d000 08:06 531344                     /home/kevin/.gradle/wrapper/dists/gradle-4.5.1-all/87kuriyahurjjkki3zii366f2/gradle-4.5.1/lib/plugins/gradle-workers-4.5.1.jar
7fa4fa602000-7fa4fa607000 r-xp 00000000 08:06 530100                     /home/kevin/.gradle/native/25/linux-amd64/libnative-platform.so
7fa4fa607000-7fa4fa806000 ---p 00005000 08:06 530100                     /home/kevin/.gradle/native/25/linux-amd64/libnative-platform.so
7fa4fa806000-7fa4fa807000 rw-p 00004000 08:06 530100                     /home/kevin/.gradle/native/25/linux-amd64/libnative-platform.so
7fa4fa807000-7fa4fa818000 r-xp 00000000 08:06 1064088                    /usr/lib/jvm/java-8-oracle/jre/lib/amd64/libnio.so
7fa4fa818000-7fa4faa17000 ---p 00011000 08:06 1064088                    /usr/lib/jvm/java-8-oracle/jre/lib/amd64/libnio.so
7fa4faa17000-7fa4faa18000 rw-p 00010000 08:06 1064088                    /usr/lib/jvm/java-8-oracle/jre/lib/amd64/libnio.so
7fa4faa18000-7fa4faa2e000 r-xp 00000000 08:06 1064085                    /usr/lib/jvm/java-8-oracle/jre/lib/amd64/libnet.so
7fa4faa2e000-7fa4fac2e000 ---p 00016000 08:06 1064085                    /usr/lib/jvm/java-8-oracle/jre/lib/amd64/libnet.so
7fa4fac2e000-7fa4fac2f000 rw-p 00016000 08:06 1064085                    /usr/lib/jvm/java-8-oracle/jre/lib/amd64/libnet.so
7fa4fac2f000-7fa4fac30000 r--s 00006000 08:06 531241                     /home/kevin/.gradle/wrapper/dists/gradle-4.5.1-all/87kuriyahurjjkki3zii366f2/gradle-4.5.1/lib/gradle-wrapper-4.5.1.jar
7fa4fac30000-7fa4fac3e000 r--s 00046000 08:06 531240                     /home/kevin/.gradle/wrapper/dists/gradle-4.5.1-all/87kuriyahurjjkki3zii366f2/gradle-4.5.1/lib/gradle-tooling-api-4.5.1.jar
7fa4fac3e000-7fa4fac3f000 r--s 00002000 08:06 531237                     /home/kevin/.gradle/wrapper/dists/gradle-4.5.1-all/87kuriyahurjjkki3zii366f2/gradle-4.5.1/lib/kotlin-stdlib-jre8-1.2.0.jar
7fa4fac3f000-7fa4fac40000 r--s 00000000 08:06 531236                     /home/kevin/.gradle/wrapper/dists/gradle-4.5.1-all/87kuriyahurjjkki3zii366f2/gradle-4.5.1/lib/kotlin-stdlib-jre7-1.2.0.jar
7fa4fac40000-7fa4fac50000 r--s 000d4000 08:06 531235                     /home/kevin/.gradle/wrapper/dists/gradle-4.5.1-all/87kuriyahurjjkki3zii366f2/gradle-4.5.1/lib/kotlin-stdlib-1.2.0.jar
7fa4fac50000-7fa4fac52000 r--s 00008000 08:06 531234                     /home/kevin/.gradle/wrapper/dists/gradle-4.5.1-all/87kuriyahurjjkki3zii366f2/gradle-4.5.1/lib/kotlin-script-runtime-1.2.0.jar
7fa4fac52000-7fa4fac53000 r--s 00002000 08:06 531233                     /home/kevin/.gradle/wrapper/dists/gradle-4.5.1-all/87kuriyahurjjkki3zii366f2/gradle-4.5.1/lib/kotlin-sam-with-receiver-compiler-plugin-1.2.0.jar
7fa4fac53000-7fa4fac87000 r--s 00239000 08:06 531232                     /home/kevin/.gradle/wrapper/dists/gradle-4.5.1-all/87kuriyahurjjkki3zii366f2/gradle-4.5.1/lib/kotlin-reflect-1.2.0.jar
7fa4fac87000-7fa4fae33000 r--s 0177c000 08:06 531231                     /home/kevin/.gradle/wrapper/dists/gradle-4.5.1-all/87kuriyahurjjkki3zii366f2/gradle-4.5.1/lib/kotlin-compiler-embeddable-1.2.0.jar
7fa4fae33000-7fa4fae34000 r--s 00000000 08:06 531230                     /home/kevin/.gradle/wrapper/dists/gradle-4.5.1-all/87kuriyahurjjkki3zii366f2/gradle-4.5.1/lib/gradle-kotlin-dsl-tooling-models-0.14.2.jar
7fa4fae34000-7fa4fae36000 r--s 00003000 08:06 531227                     /home/kevin/.gradle/wrapper/dists/gradle-4.5.1-all/87kuriyahurjjkki3zii366f2/gradle-4.5.1/lib/annotations-13.0.jar
7fa4fae36000-7fa4fae42000 r--s 00087000 08:06 531228                     /home/kevin/.gradle/wrapper/dists/gradle-4.5.1-all/87kuriyahurjjkki3zii366f2/gradle-4.5.1/lib/gradle-kotlin-dsl-0.14.2.jar
7fa4fae42000-7fa4fae46000 r--s 00013000 08:06 531246                     /home/kevin/.gradle/wrapper/dists/gradle-4.5.1-all/87kuriyahurjjkki3zii366f2/gradle-4.5.1/lib/gradle-build-cache-4.5.1.jar
7fa4fae46000-7fa4fae4c000 r--s 0002e000 08:06 531250                     /home/kevin/.gradle/wrapper/dists/gradle-4.5.1-all/87kuriyahurjjkki3zii366f2/gradle-4.5.1/lib/gradle-persistent-cache-4.5.1.jar
7fa4fae4c000-7fa4fae50000 r--s 00014000 08:06 531249                     /home/kevin/.gradle/wrapper/dists/gradle-4.5.1-all/87kuriyahurjjkki3zii366f2/gradle-4.5.1/lib/gradle-resources-4.5.1.jar
7fa4fae50000-7fa4fae51000 r--s 00003000 08:06 531257                     /home/kevin/.gradle/wrapper/dists/gradle-4.5.1-all/87kuriyahurjjkki3zii366f2/gradle-4.5.1/lib/gradle-build-option-4.5.1.jar
7fa4fae51000-7fa4fae53000 r--s 00005000 08:06 531258                     /home/kevin/.gradle/wrapper/dists/gradle-4.5.1-all/87kuriyahurjjkki3zii366f2/gradle-4.5.1/lib/gradle-cli-4.5.1.jar
7fa4fae53000-7fa4fae55000 r--s 00003000 08:06 531267                     /home/kevin/.gradle/wrapper/dists/gradle-4.5.1-all/87kuriyahurjjkki3zii366f2/gradle-4.5.1/lib/jcl-over-slf4j-1.7.10.jar
7fa4fae55000-7fa4fae56000 r--s 00005000 08:06 531266                     /home/kevin/.gradle/wrapper/dists/gradle-4.5.1-all/87kuriyahurjjkki3zii366f2/gradle-4.5.1/lib/log4j-over-slf4j-1.7.10.jar
7fa4fae56000-7fa4fae58000 r--s 00000000 08:06 531265                     /home/kevin/.gradle/wrapper/dists/gradle-4.5.1-all/87kuriyahurjjkki3zii366f2/gradle-4.5.1/lib/jul-to-slf4j-1.7.10.jar
7fa4fae58000-7fa4fae5f000 r--s 00030000 08:06 531247                     /home/kevin/.gradle/wrapper/dists/gradle-4.5.1-all/87kuriyahurjjkki3zii366f2/gradle-4.5.1/lib/gradle-logging-4.5.1.jar
7fa4fae5f000-7fa4fae6f000 r--s 00082000 08:06 531253                     /home/kevin/.gradle/wrapper/dists/gradle-4.5.1-all/87kuriyahurjjkki3zii366f2/gradle-4.5.1/lib/gradle-model-core-4.5.1.jar
7fa4fae6f000-7fa4fae71000 r--s 00006000 08:06 531254                     /home/kevin/.gradle/wrapper/dists/gradle-4.5.1-all/87kuriyahurjjkki3zii366f2/gradle-4.5.1/lib/gradle-base-services-groovy-4.5.1.jar
7fa4fae71000-7fa4fae73000 r--s 00007000 08:06 531252                     /home/kevin/.gradle/wrapper/dists/gradle-4.5.1-all/87kuriyahurjjkki3zii366f2/gradle-4.5.1/lib/gradle-model-groovy-4.5.1.jar
7fa4fae73000-7fa4fae74000 r--s 00002000 08:06 531281                     /home/kevin/.gradle/wrapper/dists/gradle-4.5.1-all/87kuriyahurjjkki3zii366f2/gradle-4.5.1/lib/gradle-docs-4.5.1.jar
7fa4fae74000-7fa4fae7d000 r--s 0002d000 08:06 531280                     /home/kevin/.gradle/wrapper/dists/gradle-4.5.1-all/87kuriyahurjjkki3zii366f2/gradle-4.5.1/lib/xml-apis-1.4.01.jar
7fa4fae7d000-7fa4fae87000 r--s 00078000 08:06 531279                     /home/kevin/.gradle/wrapper/dists/gradle-4.5.1-all/87kuriyahurjjkki3zii366f2/gradle-4.5.1/lib/commons-compress-1.14.jar
7fa4fae87000-7fa4fae94000 r--s 00083000 08:06 531277                     /home/kevin/.gradle/wrapper/dists/gradle-4.5.1-all/87kuriyahurjjkki3zii366f2/gradle-4.5.1/lib/commons-collections-3.2.2.jar
7fa4fae94000-7fa4fae96000 r--s 0000a000 08:06 531260                     /home/kevin/.gradle/wrapper/dists/gradle-4.5.1-all/87kuriyahurjjkki3zii366f2/gradle-4.5.1/lib/asm-tree-6.0.jar
7fa4fae96000-7fa4fae97000 r--s 00012000 08:06 531259                     /home/kevin/.gradle/wrapper/dists/gradle-4.5.1-all/87kuriyahurjjkki3zii366f2/gradle-4.5.1/lib/asm-commons-6.0.jar
7fa4fae97000-7fa4fae98000 r--s 00000000 08:06 531276                     /home/kevin/.gradle/wrapper/dists/gradle-4.5.1-all/87kuriyahurjjkki3zii366f2/gradle-4.5.1/lib/javax.inject-1.jar
7fa4fae98000-7fa4faf08000 r--s 00646000 08:06 531274                     /home/kevin/.gradle/wrapper/dists/gradle-4.5.1-all/87kuriyahurjjkki3zii366f2/gradle-4.5.1/lib/groovy-all-2.4.12.jar
7fa4faf08000-7fa4faf0b000 r--s 00023000 08:06 531282                     /home/kevin/.gradle/wrapper/dists/gradle-4.5.1-all/87kuriyahurjjkki3zii366f2/gradle-4.5.1/lib/jansi-1.14.jar
7fa4faf0b000-7fa4faf0c000 r--s 00004000 08:06 531284                     /home/kevin/.gradle/wrapper/dists/gradle-4.5.1-all/87kuriyahurjjkki3zii366f2/gradle-4.5.1/lib/native-platform-freebsd-amd64-libcpp-0.14.jar
7fa4faf0c000-7fa4faf0d000 r--s 00004000 08:06 531285                     /home/kevin/.gradle/wrapper/dists/gradle-4.5.1-all/87kuriyahurjjkki3zii366f2/gradle-4.5.1/lib/native-platform-freebsd-amd64-libstdcpp-0.14.jar
7fa4faf0d000-7fa4faf0e000 r--s 00004000 08:06 531286                     /home/kevin/.gradle/wrapper/dists/gradle-4.5.1-all/87kuriyahurjjkki3zii366f2/gradle-4.5.1/lib/native-platform-freebsd-i386-libcpp-0.14.jar
7fa4faf0e000-7fa4faf0f000 r--s 00003000 08:06 531287                     /home/kevin/.gradle/wrapper/dists/gradle-4.5.1-all/87kuriyahurjjkki3zii366f2/gradle-4.5.1/lib/native-platform-freebsd-i386-libstdcpp-0.14.jar
7fa4faf0f000-7fa4faf10000 r--s 00002000 08:06 531288                     /home/kevin/.gradle/wrapper/dists/gradle-4.5.1-all/87kuriyahurjjkki3zii366f2/gradle-4.5.1/lib/native-platform-linux-amd64-0.14.jar
7fa4faf10000-7fa4faf11000 r--s 00002000 08:06 531289                     /home/kevin/.gradle/wrapper/dists/gradle-4.5.1-all/87kuriyahurjjkki3zii366f2/gradle-4.5.1/lib/native-platform-linux-i386-0.14.jar
7fa4faf11000-7fa4faf13000 r--s 00002000 08:06 531290                     /home/kevin/.gradle/wrapper/dists/gradle-4.5.1-all/87kuriyahurjjkki3zii366f2/gradle-4.5.1/lib/native-platform-osx-amd64-0.14.jar
7fa4faf13000-7fa4faf14000 r--s 00003000 08:06 531291                     /home/kevin/.gradle/wrapper/dists/gradle-4.5.1-all/87kuriyahurjjkki3zii366f2/gradle-4.5.1/lib/native-platform-osx-i386-0.14.jar
7fa4faf14000-7fa4faf16000 r--s 0000b000 08:06 531292                     /home/kevin/.gradle/wrapper/dists/gradle-4.5.1-all/87kuriyahurjjkki3zii366f2/gradle-4.5.1/lib/native-platform-windows-amd64-0.14.jar
7fa4faf16000-7fa4faf17000 r--s 0000b000 08:06 531293                     /home/kevin/.gradle/wrapper/dists/gradle-4.5.1-all/87kuriyahurjjkki3zii366f2/gradle-4.5.1/lib/native-platform-windows-i386-0.14.jar
7fa4faf17000-7fa4faf18000 r--s 00001000 08:06 531294                     /home/kevin/.gradle/wrapper/dists/gradle-4.5.1-all/87kuriyahurjjkki3zii366f2/gradle-4.5.1/lib/native-platform-linux-amd64-ncurses5-0.14.jar
7fa4faf18000-7fa4faf19000 r--s 00001000 08:06 531295                     /home/kevin/.gradle/wrapper/dists/gradle-4.5.1-all/87kuriyahurjjkki3zii366f2/gradle-4.5.1/lib/native-platform-linux-amd64-ncurses6-0.14.jar
7fa4faf19000-7fa4faf1a000 r--s 00001000 08:06 531296                     /home/kevin/.gradle/wrapper/dists/gradle-4.5.1-all/87kuriyahurjjkki3zii366f2/gradle-4.5.1/lib/native-platform-linux-i386-ncurses5-0.14.jar
7fa4faf1a000-7fa4faf1b000 r--s 00001000 08:06 531297                     /home/kevin/.gradle/wrapper/dists/gradle-4.5.1-all/87kuriyahurjjkki3zii366f2/gradle-4.5.1/lib/native-platform-linux-i386-ncurses6-0.14.jar
7fa4faf1b000-7fa4faf1f000 r--s 00012000 08:06 531278                     /home/kevin/.gradle/wrapper/dists/gradle-4.5.1-all/87kuriyahurjjkki3zii366f2/gradle-4.5.1/lib/native-platform-0.14.jar
7fa4faf1f000-7fa4faf22000 r--s 0000c000 08:06 531251                     /home/kevin/.gradle/wrapper/dists/gradle-4.5.1-all/87kuriyahurjjkki3zii366f2/gradle-4.5.1/lib/gradle-native-4.5.1.jar
7fa4faf22000-7fa4faf24000 r--s 0000f000 08:06 531262                     /home/kevin/.gradle/wrapper/dists/gradle-4.5.1-all/87kuriyahurjjkki3zii366f2/gradle-4.5.1/lib/reflectasm-1.07-shaded.jar
7fa4faf24000-7fa4faf26000 r--s 00000000 08:06 531298                     /home/kevin/.gradle/wrapper/dists/gradle-4.5.1-all/87kuriyahurjjkki3zii366f2/gradle-4.5.1/lib/minlog-1.2.jar
7fa4faf26000-7fa4faf2a000 r--s 00026000 08:06 531261                     /home/kevin/.gradle/wrapper/dists/gradle-4.5.1-all/87kuriyahurjjkki3zii366f2/gradle-4.5.1/lib/kryo-2.20.jar
7fa4faf2a000-7fa4faf2b000 ---p 00000000 00:00 0 
7fa4faf2b000-7fa4fb02b000 rw-p 00000000 00:00 0 
7fa4fb02b000-7fa4fb02e000 ---p 00000000 00:00 0 
7fa4fb02e000-7fa4fb12c000 rw-p 00000000 00:00 0 
7fa4fb12c000-7fa4fb12d000 ---p 00000000 00:00 0 
7fa4fb12d000-7fa4fb130000 ---p 00000000 00:00 0 
7fa4fb130000-7fa4fb22d000 rw-p 00000000 00:00 0 
7fa4fb22d000-7fa4fb22e000 ---p 00000000 00:00 0 
7fa4fb22e000-7fa4fb231000 ---p 00000000 00:00 0 
7fa4fb231000-7fa4fb32e000 rw-p 00000000 00:00 0 
7fa4fb32e000-7fa4fb32f000 ---p 00000000 00:00 0 
7fa4fb32f000-7fa4fb332000 ---p 00000000 00:00 0 
7fa4fb332000-7fa4fb42f000 rw-p 00000000 00:00 0 
7fa4fb42f000-7fa4fb432000 ---p 00000000 00:00 0 
7fa4fb432000-7fa4fb530000 rw-p 00000000 00:00 0 
7fa4fb530000-7fa4fbeff000 r--p 00000000 08:06 1055429                    /usr/lib/locale/locale-archive
7fa4fbeff000-7fa4fbf02000 ---p 00000000 00:00 0 
7fa4fbf02000-7fa4fc000000 rw-p 00000000 00:00 0 
7fa4fc000000-7fa4fc02b000 rw-p 00000000 00:00 0 
7fa4fc02b000-7fa500000000 ---p 00000000 00:00 0 
7fa500000000-7fa500412000 rw-p 00000000 00:00 0 
7fa500412000-7fa504000000 ---p 00000000 00:00 0 
7fa504000000-7fa504021000 rw-p 00000000 00:00 0 
7fa504021000-7fa508000000 ---p 00000000 00:00 0 
7fa508000000-7fa508047000 rw-p 00000000 00:00 0 
7fa508047000-7fa50c000000 ---p 00000000 00:00 0 
7fa50c000000-7fa50c021000 rw-p 00000000 00:00 0 
7fa50c021000-7fa510000000 ---p 00000000 00:00 0 
7fa510000000-7fa510002000 r--s 00007000 08:06 531299                     /home/kevin/.gradle/wrapper/dists/gradle-4.5.1-all/87kuriyahurjjkki3zii366f2/gradle-4.5.1/lib/objenesis-1.2.jar
7fa510002000-7fa510008000 r--s 0002b000 08:06 531255                     /home/kevin/.gradle/wrapper/dists/gradle-4.5.1-all/87kuriyahurjjkki3zii366f2/gradle-4.5.1/lib/gradle-messaging-4.5.1.jar
7fa510008000-7fa51000a000 r--s 00006000 08:06 531248                     /home/kevin/.gradle/wrapper/dists/gradle-4.5.1-all/87kuriyahurjjkki3zii366f2/gradle-4.5.1/lib/gradle-process-services-4.5.1.jar
7fa51000a000-7fa51000f000 r--s 00041000 08:06 531272                     /home/kevin/.gradle/wrapper/dists/gradle-4.5.1-all/87kuriyahurjjkki3zii366f2/gradle-4.5.1/lib/commons-lang-2.6.jar
7fa51000f000-7fa510037000 r--s 001cf000 08:06 531269                     /home/kevin/.gradle/wrapper/dists/gradle-4.5.1-all/87kuriyahurjjkki3zii366f2/gradle-4.5.1/lib/guava-jdk5-17.0.jar
7fa510037000-7fa510056000 r--s 001d5000 08:06 531275                     /home/kevin/.gradle/wrapper/dists/gradle-4.5.1-all/87kuriyahurjjkki3zii366f2/gradle-4.5.1/lib/ant-1.9.9.jar
7fa510056000-7fa510093000 r--s 00211000 08:06 531243                     /home/kevin/.gradle/wrapper/dists/gradle-4.5.1-all/87kuriyahurjjkki3zii366f2/gradle-4.5.1/lib/gradle-core-4.5.1.jar
7fa510093000-7fa51009f000 r--s 00034000 08:06 531245                     /home/kevin/.gradle/wrapper/dists/gradle-4.5.1-all/87kuriyahurjjkki3zii366f2/gradle-4.5.1/lib/gradle-core-api-4.5.1.jar
7fa51009f000-7fa5100ab000 r--s 00059000 08:06 531256                     /home/kevin/.gradle/wrapper/dists/gradle-4.5.1-all/87kuriyahurjjkki3zii366f2/gradle-4.5.1/lib/gradle-base-services-4.5.1.jar
7fa5100ab000-7fa5100b8000 r--s 0005e000 08:06 531238                     /home/kevin/.gradle/wrapper/dists/gradle-4.5.1-all/87kuriyahurjjkki3zii366f2/gradle-4.5.1/lib/gradle-launcher-4.5.1.jar
7fa5100b8000-7fa5100bb000 ---p 00000000 00:00 0 
7fa5100bb000-7fa5101b9000 rw-p 00000000 00:00 0 
7fa5101b9000-7fa5101ba000 ---p 00000000 00:00 0 
7fa5101ba000-7fa51124d000 rw-p 00000000 00:00 0 
7fa51124d000-7fa511427000 r--s 03d6b000 08:06 1063869                    /usr/lib/jvm/java-8-oracle/jre/lib/rt.jar
7fa511427000-7fa513e9d000 rw-p 00000000 00:00 0 
7fa513e9d000-7fa513e9e000 ---p 00000000 00:00 0 
7fa513e9e000-7fa513f9e000 rw-p 00000000 00:00 0 
7fa513f9e000-7fa513f9f000 ---p 00000000 00:00 0 
7fa513f9f000-7fa51409f000 rw-p 00000000 00:00 0 
7fa51409f000-7fa5140a0000 ---p 00000000 00:00 0 
7fa5140a0000-7fa5141a0000 rw-p 00000000 00:00 0 
7fa5141a0000-7fa5141a1000 ---p 00000000 00:00 0 
7fa5141a1000-7fa5142cf000 rw-p 00000000 00:00 0 
7fa5142cf000-7fa5143f7000 ---p 00000000 00:00 0 
7fa5143f7000-7fa514425000 rw-p 00000000 00:00 0 
7fa514425000-7fa51454c000 ---p 00000000 00:00 0 
7fa51454c000-7fa5145d2000 rw-p 00000000 00:00 0 
7fa5145d2000-7fa5145f7000 ---p 00000000 00:00 0 
7fa5145f7000-7fa514657000 rw-p 00000000 00:00 0 
7fa514657000-7fa5149b8000 ---p 00000000 00:00 0 
7fa5149b8000-7fa516178000 rwxp 00000000 00:00 0 
7fa516178000-7fa5239b8000 ---p 00000000 00:00 0 
7fa5239b8000-7fa5239d3000 r-xp 00000000 08:06 1064081                    /usr/lib/jvm/java-8-oracle/jre/lib/amd64/libzip.so
7fa5239d3000-7fa523bd3000 ---p 0001b000 08:06 1064081                    /usr/lib/jvm/java-8-oracle/jre/lib/amd64/libzip.so
7fa523bd3000-7fa523bd4000 rw-p 0001b000 08:06 1064081                    /usr/lib/jvm/java-8-oracle/jre/lib/amd64/libzip.so
7fa523bd4000-7fa523bdf000 r-xp 00000000 08:06 398535                     /lib/x86_64-linux-gnu/libnss_files-2.27.so
7fa523bdf000-7fa523dde000 ---p 0000b000 08:06 398535                     /lib/x86_64-linux-gnu/libnss_files-2.27.so
7fa523dde000-7fa523ddf000 r--p 0000a000 08:06 398535                     /lib/x86_64-linux-gnu/libnss_files-2.27.so
7fa523ddf000-7fa523de0000 rw-p 0000b000 08:06 398535                     /lib/x86_64-linux-gnu/libnss_files-2.27.so
7fa523de0000-7fa523de6000 rw-p 00000000 00:00 0 
7fa523de6000-7fa523dfd000 r-xp 00000000 08:06 398529                     /lib/x86_64-linux-gnu/libnsl-2.27.so
7fa523dfd000-7fa523ffc000 ---p 00017000 08:06 398529                     /lib/x86_64-linux-gnu/libnsl-2.27.so
7fa523ffc000-7fa523ffd000 r--p 00016000 08:06 398529                     /lib/x86_64-linux-gnu/libnsl-2.27.so
7fa523ffd000-7fa523ffe000 rw-p 00017000 08:06 398529                     /lib/x86_64-linux-gnu/libnsl-2.27.so
7fa523ffe000-7fa524000000 rw-p 00000000 00:00 0 
7fa524000000-7fa524ee7000 rw-p 00000000 00:00 0 
7fa524ee7000-7fa528000000 ---p 00000000 00:00 0 
7fa528000000-7fa528002000 r--s 00000000 08:06 531244                     /home/kevin/.gradle/wrapper/dists/gradle-4.5.1-all/87kuriyahurjjkki3zii366f2/gradle-4.5.1/lib/gradle-jvm-services-4.5.1.jar
7fa528002000-7fa528003000 r--s 00000000 08:06 531273                     /home/kevin/.gradle/wrapper/dists/gradle-4.5.1-all/87kuriyahurjjkki3zii366f2/gradle-4.5.1/lib/jcip-annotations-1.0.jar
7fa528003000-7fa528006000 r--s 0001a000 08:06 531271                     /home/kevin/.gradle/wrapper/dists/gradle-4.5.1-all/87kuriyahurjjkki3zii366f2/gradle-4.5.1/lib/fastutil-7.2.1-min.jar
7fa528006000-7fa528027000 rw-p 00000000 00:00 0 
7fa528027000-7fa528032000 r-xp 00000000 08:06 398546                     /lib/x86_64-linux-gnu/libnss_nis-2.27.so
7fa528032000-7fa528231000 ---p 0000b000 08:06 398546                     /lib/x86_64-linux-gnu/libnss_nis-2.27.so
7fa528231000-7fa528232000 r--p 0000a000 08:06 398546                     /lib/x86_64-linux-gnu/libnss_nis-2.27.so
7fa528232000-7fa528233000 rw-p 0000b000 08:06 398546                     /lib/x86_64-linux-gnu/libnss_nis-2.27.so
7fa528233000-7fa52823b000 r-xp 00000000 08:06 398531                     /lib/x86_64-linux-gnu/libnss_compat-2.27.so
7fa52823b000-7fa52843b000 ---p 00008000 08:06 398531                     /lib/x86_64-linux-gnu/libnss_compat-2.27.so
7fa52843b000-7fa52843c000 r--p 00008000 08:06 398531                     /lib/x86_64-linux-gnu/libnss_compat-2.27.so
7fa52843c000-7fa52843d000 rw-p 00009000 08:06 398531                     /lib/x86_64-linux-gnu/libnss_compat-2.27.so
7fa52843d000-7fa528468000 r-xp 00000000 08:06 1064075                    /usr/lib/jvm/java-8-oracle/jre/lib/amd64/libjava.so
7fa528468000-7fa528667000 ---p 0002b000 08:06 1064075                    /usr/lib/jvm/java-8-oracle/jre/lib/amd64/libjava.so
7fa528667000-7fa528669000 rw-p 0002a000 08:06 1064075                    /usr/lib/jvm/java-8-oracle/jre/lib/amd64/libjava.so
7fa528669000-7fa528676000 r-xp 00000000 08:06 1064080                    /usr/lib/jvm/java-8-oracle/jre/lib/amd64/libverify.so
7fa528676000-7fa528876000 ---p 0000d000 08:06 1064080                    /usr/lib/jvm/java-8-oracle/jre/lib/amd64/libverify.so
7fa528876000-7fa528878000 rw-p 0000d000 08:06 1064080                    /usr/lib/jvm/java-8-oracle/jre/lib/amd64/libverify.so
7fa528878000-7fa52887f000 r-xp 00000000 08:06 398586                     /lib/x86_64-linux-gnu/librt-2.27.so
7fa52887f000-7fa528a7e000 ---p 00007000 08:06 398586                     /lib/x86_64-linux-gnu/librt-2.27.so
7fa528a7e000-7fa528a7f000 r--p 00006000 08:06 398586                     /lib/x86_64-linux-gnu/librt-2.27.so
7fa528a7f000-7fa528a80000 rw-p 00007000 08:06 398586                     /lib/x86_64-linux-gnu/librt-2.27.so
7fa528a80000-7fa528c1d000 r-xp 00000000 08:06 398508                     /lib/x86_64-linux-gnu/libm-2.27.so
7fa528c1d000-7fa528e1c000 ---p 0019d000 08:06 398508                     /lib/x86_64-linux-gnu/libm-2.27.so
7fa528e1c000-7fa528e1d000 r--p 0019c000 08:06 398508                     /lib/x86_64-linux-gnu/libm-2.27.so
7fa528e1d000-7fa528e1e000 rw-p 0019d000 08:06 398508                     /lib/x86_64-linux-gnu/libm-2.27.so
7fa528e1e000-7fa529afa000 r-xp 00000000 08:06 1064057                    /usr/lib/jvm/java-8-oracle/jre/lib/amd64/server/libjvm.so
7fa529afa000-7fa529cfa000 ---p 00cdc000 08:06 1064057                    /usr/lib/jvm/java-8-oracle/jre/lib/amd64/server/libjvm.so
7fa529cfa000-7fa529dd4000 rw-p 00cdc000 08:06 1064057                    /usr/lib/jvm/java-8-oracle/jre/lib/amd64/server/libjvm.so
7fa529dd4000-7fa529e1f000 rw-p 00000000 00:00 0 
7fa529e1f000-7fa52a006000 r-xp 00000000 08:06 398445                     /lib/x86_64-linux-gnu/libc-2.27.so
7fa52a006000-7fa52a206000 ---p 001e7000 08:06 398445                     /lib/x86_64-linux-gnu/libc-2.27.so
7fa52a206000-7fa52a20a000 r--p 001e7000 08:06 398445                     /lib/x86_64-linux-gnu/libc-2.27.so
7fa52a20a000-7fa52a20c000 rw-p 001eb000 08:06 398445                     /lib/x86_64-linux-gnu/libc-2.27.so
7fa52a20c000-7fa52a210000 rw-p 00000000 00:00 0 
7fa52a210000-7fa52a213000 r-xp 00000000 08:06 398468                     /lib/x86_64-linux-gnu/libdl-2.27.so
7fa52a213000-7fa52a412000 ---p 00003000 08:06 398468                     /lib/x86_64-linux-gnu/libdl-2.27.so
7fa52a412000-7fa52a413000 r--p 00002000 08:06 398468                     /lib/x86_64-linux-gnu/libdl-2.27.so
7fa52a413000-7fa52a414000 rw-p 00003000 08:06 398468                     /lib/x86_64-linux-gnu/libdl-2.27.so
7fa52a414000-7fa52a42a000 r-xp 00000000 08:06 1063731                    /usr/lib/jvm/java-8-oracle/lib/amd64/jli/libjli.so
7fa52a42a000-7fa52a629000 ---p 00016000 08:06 1063731                    /usr/lib/jvm/java-8-oracle/lib/amd64/jli/libjli.so
7fa52a629000-7fa52a62a000 rw-p 00015000 08:06 1063731                    /usr/lib/jvm/java-8-oracle/lib/amd64/jli/libjli.so
7fa52a62a000-7fa52a644000 r-xp 00000000 08:06 398578                     /lib/x86_64-linux-gnu/libpthread-2.27.so
7fa52a644000-7fa52a843000 ---p 0001a000 08:06 398578                     /lib/x86_64-linux-gnu/libpthread-2.27.so
7fa52a843000-7fa52a844000 r--p 00019000 08:06 398578                     /lib/x86_64-linux-gnu/libpthread-2.27.so
7fa52a844000-7fa52a845000 rw-p 0001a000 08:06 398578                     /lib/x86_64-linux-gnu/libpthread-2.27.so
7fa52a845000-7fa52a849000 rw-p 00000000 00:00 0 
7fa52a849000-7fa52a870000 r-xp 00000000 08:06 398417                     /lib/x86_64-linux-gnu/ld-2.27.so
7fa52a870000-7fa52a956000 rw-p 00000000 00:00 0 
7fa52a956000-7fa52a957000 ---p 00000000 00:00 0 
7fa52a957000-7fa52a95a000 ---p 00000000 00:00 0 
7fa52a95a000-7fa52aa5b000 rw-p 00000000 00:00 0 
7fa52aa5b000-7fa52aa5e000 r--s 00006000 08:06 531270                     /home/kevin/.gradle/wrapper/dists/gradle-4.5.1-all/87kuriyahurjjkki3zii366f2/gradle-4.5.1/lib/jsr305-1.3.9.jar
7fa52aa5e000-7fa52aa5f000 r--s 00007000 08:06 531268                     /home/kevin/.gradle/wrapper/dists/gradle-4.5.1-all/87kuriyahurjjkki3zii366f2/gradle-4.5.1/lib/slf4j-api-1.7.10.jar
7fa52aa5f000-7fa52aa63000 r--s 00027000 08:06 531264                     /home/kevin/.gradle/wrapper/dists/gradle-4.5.1-all/87kuriyahurjjkki3zii366f2/gradle-4.5.1/lib/commons-io-2.2.jar
7fa52aa63000-7fa52aa65000 r--s 00016000 08:06 531263                     /home/kevin/.gradle/wrapper/dists/gradle-4.5.1-all/87kuriyahurjjkki3zii366f2/gradle-4.5.1/lib/asm-6.0.jar
7fa52aa65000-7fa52aa66000 r--s 00004000 08:06 531283                     /home/kevin/.gradle/wrapper/dists/gradle-4.5.1-all/87kuriyahurjjkki3zii366f2/gradle-4.5.1/lib/ant-launcher-1.9.9.jar
7fa52aa66000-7fa52aa6e000 rw-s 00000000 08:06 3539101                    /tmp/hsperfdata_kevin/12930
7fa52aa6e000-7fa52aa6f000 rw-p 00000000 00:00 0 
7fa52aa6f000-7fa52aa70000 ---p 00000000 00:00 0 
7fa52aa70000-7fa52aa71000 r--p 00027000 08:06 398417                     /lib/x86_64-linux-gnu/ld-2.27.so
7fa52aa71000-7fa52aa72000 rw-p 00028000 08:06 398417                     /lib/x86_64-linux-gnu/ld-2.27.so
7fa52aa72000-7fa52aa73000 rw-p 00000000 00:00 0 
7ffcd5634000-7ffcd5655000 rw-p 00000000 00:00 0                          [stack]
7ffcd5710000-7ffcd5713000 r--p 00000000 00:00 0                          [vvar]
7ffcd5713000-7ffcd5715000 r-xp 00000000 00:00 0                          [vdso]
ffffffffff600000-ffffffffff601000 r-xp 00000000 00:00 0                  [vsyscall]

VM Arguments:
jvm_args: -XX:+HeapDumpOnOutOfMemoryError -Xmx1024m -Dfile.encoding=UTF-8 -Duser.country=GB -Duser.language=en -Duser.variant 
java_command: org.gradle.launcher.daemon.bootstrap.GradleDaemon 4.5.1
java_class_path (initial): /home/kevin/.gradle/wrapper/dists/gradle-4.5.1-all/87kuriyahurjjkki3zii366f2/gradle-4.5.1/lib/gradle-launcher-4.5.1.jar
Launcher Type: SUN_STANDARD

Environment Variables:
JAVA_HOME=/usr/lib/jvm/java-8-oracle
PATH=/home/kevin/.local/bin:/home/kevin/.local/bin:/usr/local/sbin:/usr/local/bin:/usr/sbin:/usr/bin:/sbin:/bin:/usr/games:/usr/local/games:/snap/bin:/usr/lib/jvm/java-8-oracle/bin:/usr/lib/jvm/java-8-oracle/db/bin:/usr/lib/jvm/java-8-oracle/jre/bin:/usr/lib/jvm/java-8-oracle/bin:/usr/lib/jvm/java-8-oracle/db/bin:/usr/lib/jvm/java-8-oracle/jre/bin
USERNAME=kevin
SHELL=/bin/bash
DISPLAY=:0

Signal Handlers:
SIGSEGV: [libjvm.so+0xad2a40], sa_mask[0]=11111111011111111101111111111110, sa_flags=SA_RESTART|SA_SIGINFO
SIGBUS: [libjvm.so+0xad2a40], sa_mask[0]=11111111011111111101111111111110, sa_flags=SA_RESTART|SA_SIGINFO
SIGFPE: [libjvm.so+0x92a610], sa_mask[0]=11111111011111111101111111111110, sa_flags=SA_RESTART|SA_SIGINFO
SIGPIPE: [libjvm.so+0x92a610], sa_mask[0]=11111111011111111101111111111110, sa_flags=SA_RESTART|SA_SIGINFO
SIGXFSZ: [libjvm.so+0x92a610], sa_mask[0]=11111111011111111101111111111110, sa_flags=SA_RESTART|SA_SIGINFO
SIGILL: [libjvm.so+0x92a610], sa_mask[0]=11111111011111111101111111111110, sa_flags=SA_RESTART|SA_SIGINFO
SIGUSR1: SIG_DFL, sa_mask[0]=00000000000000000000000000000000, sa_flags=none
SIGUSR2: [libjvm.so+0x92be70], sa_mask[0]=00100000000000000000000000000000, sa_flags=SA_RESTART|SA_SIGINFO
SIGHUP: [libjvm.so+0x92d270], sa_mask[0]=11111111011111111101111111111110, sa_flags=SA_RESTART|SA_SIGINFO
SIGINT: [libjvm.so+0x92d270], sa_mask[0]=11111111011111111101111111111110, sa_flags=SA_RESTART|SA_SIGINFO
SIGTERM: [libjvm.so+0x92d270], sa_mask[0]=11111111011111111101111111111110, sa_flags=SA_RESTART|SA_SIGINFO
SIGQUIT: [libjvm.so+0x92d270], sa_mask[0]=11111111011111111101111111111110, sa_flags=SA_RESTART|SA_SIGINFO


---------------  S Y S T E M  ---------------

OS:DISTRIB_ID=Ubuntu
DISTRIB_RELEASE=18.04
DISTRIB_CODENAME=bionic
DISTRIB_DESCRIPTION="Ubuntu 18.04.1 LTS"

uname:Linux 4.15.0-38-generic #41-Ubuntu SMP Wed Oct 10 10:59:38 UTC 2018 x86_64
libc:glibc 2.27 NPTL 2.27 
rlimit: STACK 8192k, CORE 0k, NPROC 31062, NOFILE 1048576, AS infinity
load average:3.16 1.95 2.00

/proc/meminfo:
MemTotal:        8088460 kB
MemFree:          108400 kB
MemAvailable:      20300 kB
Buffers:             828 kB
Cached:           691312 kB
SwapCached:         7216 kB
Active:          6341156 kB
Inactive:        1207888 kB
Active(anon):    6325536 kB
Inactive(anon):  1188336 kB
Active(file):      15620 kB
Inactive(file):    19552 kB
Unevictable:         200 kB
Mlocked:             200 kB
SwapTotal:       2097148 kB
SwapFree:              0 kB
Dirty:               256 kB
Writeback:             0 kB
AnonPages:       6851864 kB
Mapped:           337684 kB
Shmem:            656268 kB
Slab:             202668 kB
SReclaimable:      66292 kB
SUnreclaim:       136376 kB
KernelStack:       22656 kB
PageTables:        99472 kB
NFS_Unstable:          0 kB
Bounce:                0 kB
WritebackTmp:          0 kB
CommitLimit:     6141376 kB
Committed_AS:   21392500 kB
VmallocTotal:   34359738367 kB
VmallocUsed:           0 kB
VmallocChunk:          0 kB
HardwareCorrupted:     0 kB
AnonHugePages:    399360 kB
ShmemHugePages:        0 kB
ShmemPmdMapped:        0 kB
CmaTotal:              0 kB
CmaFree:               0 kB
HugePages_Total:       0
HugePages_Free:        0
HugePages_Rsvd:        0
HugePages_Surp:        0
Hugepagesize:       2048 kB
DirectMap4k:      335616 kB
DirectMap2M:     7974912 kB
DirectMap1G:     1048576 kB


CPU:total 4 (initial active 4) (2 cores per cpu, 2 threads per core) family 6 model 69 stepping 1, cmov, cx8, fxsr, mmx, sse, sse2, sse3, ssse3, sse4.1, sse4.2, popcnt, avx, avx2, aes, clmul, erms, lzcnt, ht, tsc, tscinvbit, bmi1, bmi2

/proc/cpuinfo:
processor	: 0
vendor_id	: GenuineIntel
cpu family	: 6
model		: 69
model name	: Intel(R) Core(TM) i5-4210U CPU @ 1.70GHz
stepping	: 1
microcode	: 0x24
cpu MHz		: 2394.472
cache size	: 3072 KB
physical id	: 0
siblings	: 4
core id		: 0
cpu cores	: 2
apicid		: 0
initial apicid	: 0
fpu		: yes
fpu_exception	: yes
cpuid level	: 13
wp		: yes
flags		: fpu vme de pse tsc msr pae mce cx8 apic sep mtrr pge mca cmov pat pse36 clflush dts acpi mmx fxsr sse sse2 ss ht tm pbe syscall nx pdpe1gb rdtscp lm constant_tsc arch_perfmon pebs bts rep_good nopl xtopology nonstop_tsc cpuid aperfmperf pni pclmulqdq dtes64 monitor ds_cpl vmx est tm2 ssse3 sdbg fma cx16 xtpr pdcm pcid sse4_1 sse4_2 movbe popcnt tsc_deadline_timer aes xsave avx f16c rdrand lahf_lm abm cpuid_fault epb invpcid_single pti ssbd ibrs ibpb stibp tpr_shadow vnmi flexpriority ept vpid fsgsbase tsc_adjust bmi1 avx2 smep bmi2 erms invpcid xsaveopt dtherm ida arat pln pts flush_l1d
bugs		: cpu_meltdown spectre_v1 spectre_v2 spec_store_bypass l1tf
bogomips	: 4788.91
clflush size	: 64
cache_alignment	: 64
address sizes	: 39 bits physical, 48 bits virtual
power management:

processor	: 1
vendor_id	: GenuineIntel
cpu family	: 6
model		: 69
model name	: Intel(R) Core(TM) i5-4210U CPU @ 1.70GHz
stepping	: 1
microcode	: 0x24
cpu MHz		: 2394.680
cache size	: 3072 KB
physical id	: 0
siblings	: 4
core id		: 0
cpu cores	: 2
apicid		: 1
initial apicid	: 1
fpu		: yes
fpu_exception	: yes
cpuid level	: 13
wp		: yes
flags		: fpu vme de pse tsc msr pae mce cx8 apic sep mtrr pge mca cmov pat pse36 clflush dts acpi mmx fxsr sse sse2 ss ht tm pbe syscall nx pdpe1gb rdtscp lm constant_tsc arch_perfmon pebs bts rep_good nopl xtopology nonstop_tsc cpuid aperfmperf pni pclmulqdq dtes64 monitor ds_cpl vmx est tm2 ssse3 sdbg fma cx16 xtpr pdcm pcid sse4_1 sse4_2 movbe popcnt tsc_deadline_timer aes xsave avx f16c rdrand lahf_lm abm cpuid_fault epb invpcid_single pti ssbd ibrs ibpb stibp tpr_shadow vnmi flexpriority ept vpid fsgsbase tsc_adjust bmi1 avx2 smep bmi2 erms invpcid xsaveopt dtherm ida arat pln pts flush_l1d
bugs		: cpu_meltdown spectre_v1 spectre_v2 spec_store_bypass l1tf
bogomips	: 4788.91
clflush size	: 64
cache_alignment	: 64
address sizes	: 39 bits physical, 48 bits virtual
power management:

processor	: 2
vendor_id	: GenuineIntel
cpu family	: 6
model		: 69
model name	: Intel(R) Core(TM) i5-4210U CPU @ 1.70GHz
stepping	: 1
microcode	: 0x24
cpu MHz		: 2579.965
cache size	: 3072 KB
physical id	: 0
siblings	: 4
core id		: 1
cpu cores	: 2
apicid		: 2
initial apicid	: 2
fpu		: yes
fpu_exception	: yes
cpuid level	: 13
wp		: yes
flags		: fpu vme de pse tsc msr pae mce cx8 apic sep mtrr pge mca cmov pat pse36 clflush dts acpi mmx fxsr sse sse2 ss ht tm pbe syscall nx pdpe1gb rdtscp lm constant_tsc arch_perfmon pebs bts rep_good nopl xtopology nonstop_tsc cpuid aperfmperf pni pclmulqdq dtes64 monitor ds_cpl vmx est tm2 ssse3 sdbg fma cx16 xtpr pdcm pcid sse4_1 sse4_2 movbe popcnt tsc_deadline_timer aes xsave avx f16c rdrand lahf_lm abm cpuid_fault epb invpcid_single pti ssbd ibrs ibpb stibp tpr_shadow vnmi flexpriority ept vpid fsgsbase tsc_adjust bmi1 avx2 smep bmi2 erms invpcid xsaveopt dtherm ida arat pln pts flush_l1d
bugs		: cpu_meltdown spectre_v1 spectre_v2 spec_store_bypass l1tf
bogomips	: 4788.91
clflush size	: 64
cache_alignment	: 64
address sizes	: 39 bits physical, 48 bits virtual
power management:

processor	: 3
vendor_id	: GenuineIntel
cpu family	: 6
model		: 69
model name	: Intel(R) Core(TM) i5-4210U CPU @ 1.70GHz
stepping	: 1
microcode	: 0x24
cpu MHz		: 2494.286
cache size	: 3072 KB
physical id	: 0
siblings	: 4
core id		: 1
cpu cores	: 2
apicid		: 3
initial apicid	: 3
fpu		: yes
fpu_exception	: yes
cpuid level	: 13
wp		: yes
flags		: fpu vme de pse tsc msr pae mce cx8 apic sep mtrr pge mca cmov pat pse36 clflush dts acpi mmx fxsr sse sse2 ss ht tm pbe syscall nx pdpe1gb rdtscp lm constant_tsc arch_perfmon pebs bts rep_good nopl xtopology nonstop_tsc cpuid aperfmperf pni pclmulqdq dtes64 monitor ds_cpl vmx est tm2 ssse3 sdbg fma cx16 xtpr pdcm pcid sse4_1 sse4_2 movbe popcnt tsc_deadline_timer aes xsave avx f16c rdrand lahf_lm abm cpuid_fault epb invpcid_single pti ssbd ibrs ibpb stibp tpr_shadow vnmi flexpriority ept vpid fsgsbase tsc_adjust bmi1 avx2 smep bmi2 erms invpcid xsaveopt dtherm ida arat pln pts flush_l1d
bugs		: cpu_meltdown spectre_v1 spectre_v2 spec_store_bypass l1tf
bogomips	: 4788.91
clflush size	: 64
cache_alignment	: 64
address sizes	: 39 bits physical, 48 bits virtual
power management:



Memory: 4k page, physical 8088460k(115712k free), swap 2097148k(0k free)

vm_info: Java HotSpot(TM) 64-Bit Server VM (25.181-b13) for linux-amd64 JRE (1.8.0_181-b13), built on Jul  7 2018 00:56:38 by "java_re" with gcc 4.3.0 20080428 (Red Hat 4.3.0-8)

time: Sat Nov 10 16:09:35 2018
elapsed time: 1303 seconds (0d 0h 21m 43s)

